            --------------------------------------------------------
                             AMBER SQM VERSION 19
 
                                     By
              Ross C. Walker, Michael F. Crowley, Scott Brozell,
                         Tim Giese, Andreas W. Goetz,
                        Tai-Sung Lee and David A. Case
 
            --------------------------------------------------------
 

--------------------------------------------------------------------------------
  QM CALCULATION INFO
--------------------------------------------------------------------------------

| QMMM: Citation for AMBER QMMM Run:
| QMMM: R.C. Walker, M.F. Crowley and D.A. Case, J. COMP. CHEM. 29:1019, 2008

QMMM: SINGLET STATE CALCULATION
QMMM: RHF CALCULATION, NO. OF DOUBLY OCCUPIED LEVELS = 48

| QMMM: *** Selected Hamiltonian *** 
| QMMM: AM1         

| QMMM: *** Parameter sets in use ***
| QMMM: C : M.J.S.DEWAR et al. JACS, 107, 3902, (1985)
| QMMM: O : M.J.S.DEWAR et al. JACS, 107, 3902, (1985)
| QMMM: P : M.J.S.DEWAR et al. THEOCHEM, 187,1, (1989)
| QMMM: Br: M.J.S.DEWAR et al. THEOCHEM, 180, 1, (1988)
| QMMM: H : M.J.S.DEWAR et al. JACS, 107, 3902, (1985)

| QMMM: *** SCF convergence criteria ***
| QMMM: Energy change                :  0.1D-09 kcal/mol
| QMMM: Error matrix |FP-PF|         :  0.1D+00 au
| QMMM: Density matrix change        :  0.5D-06
| QMMM: Maximum number of SCF cycles :     1000

| QMMM: *** Diagonalization Routine Information ***
| QMMM: Pseudo diagonalizations are allowed.
| QMMM: Auto diagonalization routine selection is in use.
| QMMM:
| QMMM: Timing diagonalization routines:
| QMMM:                              norbs =       80
| QMMM:    diag iterations used for timing =       15
| QMMM:
| QMMM:              Internal diag routine = 0.019955 seconds
| QMMM:                 Dspev diag routine = 0.023702 seconds
| QMMM:                Dspevd diag routine = 0.011786 seconds
| QMMM:                Dspevx diag routine = 0.054325 seconds
| QMMM:                 Dsyev diag routine = 0.022594 seconds
| QMMM:                Dsyevd diag routine = 0.009974 seconds
| QMMM:                Dsyevr diag routine = 0.014217 seconds
| QMMM:
| QMMM:                Pseudo diag routine = 0.007721 seconds
| QMMM:
| QMMM: Using dsyevd routine (diag_routine=6).

  QMMM: QM Region Cartesian Coordinates (*=link atom) 
  QMMM: QM_NO.   MM_NO.  ATOM         X         Y         Z
  QMMM:     1        1      C       15.3590   -1.0030    9.0020
  QMMM:     2        2      C       16.5550   -0.3770    8.7260
  QMMM:     3        3      C       16.5540    0.9810    8.4700
  QMMM:     4        4      C       14.2000   -0.2480    9.0150
  QMMM:     5        5      C       14.2150    1.1420    8.7510
  QMMM:     6        6      C       15.3910    1.8330    8.4650
  QMMM:     7        7      C       15.2630    3.2500    8.2160
  QMMM:     8        8      C       16.3300    4.2960    7.8630
  QMMM:     9        9      C       13.9850    3.7940    8.2820
  QMMM:    10       10      C       12.8750    3.0230    8.5740
  QMMM:    11       11      O       13.0110    1.7370    8.7990
  QMMM:    12       12      O       17.3480    3.1590    5.5400
  QMMM:    13       13      O       17.3180    5.6220    5.6220
  QMMM:    14       14      O       15.2290    4.3560    5.3220
  QMMM:    15       15      O       11.8030    3.5240    8.6220
  QMMM:    16       16      P       16.5710    4.3660    6.0100
  QMMM:    17       17      C       15.3310   -2.4900    9.2890
  QMMM:    18       18      Br      18.2170    1.9060    8.0840
  QMMM:    19       19      H       16.0390    5.1930    8.1960
  QMMM:    20       20      H       17.1950    4.0510    8.3020
  QMMM:    21       21      H       17.4090   -0.8970    8.7110
  QMMM:    22       22      H       13.3290   -0.6960    9.2160
  QMMM:    23       23      H       13.8650    4.7720    8.1130
  QMMM:    24       24      H       14.2010   -2.8880    9.3640
  QMMM:    25       25      H       15.8950   -2.7030   10.3260
  QMMM:    26       26      H       15.8960   -3.0730    8.4060

--------------------------------------------------------------------------------
  RESULTS
--------------------------------------------------------------------------------

      iter         sqm energy              rms gradient
      ----    -------------------    -----------------------
xmin    10     -201.4445 kcal/mol        1.2834 kcal/(mol*A)
xmin    20     -202.3738 kcal/mol        0.3789 kcal/(mol*A)
xmin    30     -202.4212 kcal/mol        0.7065 kcal/(mol*A)
xmin    40     -202.5084 kcal/mol        0.6805 kcal/(mol*A)
xmin    50     -202.4966 kcal/mol        0.7422 kcal/(mol*A)
xmin    60     -202.6800 kcal/mol        0.3525 kcal/(mol*A)
xmin    70     -202.8031 kcal/mol        0.1826 kcal/(mol*A)
xmin    80     -202.9229 kcal/mol        0.3603 kcal/(mol*A)
xmin    90     -202.9836 kcal/mol        0.2493 kcal/(mol*A)
xmin   100     -203.0092 kcal/mol        0.0637 kcal/(mol*A)
xmin   110     -203.0371 kcal/mol        0.0316 kcal/(mol*A)
xmin   120     -203.0420 kcal/mol        0.1150 kcal/(mol*A)
xmin   130     -203.0448 kcal/mol        0.0201 kcal/(mol*A)
xmin   140     -203.0476 kcal/mol        0.0242 kcal/(mol*A)
xmin   150     -203.0493 kcal/mol        0.1015 kcal/(mol*A)
xmin   160     -203.0512 kcal/mol        0.0392 kcal/(mol*A)
xmin   170     -203.0523 kcal/mol        0.0099 kcal/(mol*A)
xmin   180     -203.0528 kcal/mol        0.0409 kcal/(mol*A)
xmin   190     -203.0535 kcal/mol        0.0134 kcal/(mol*A)
xmin   200     -203.0538 kcal/mol        0.0046 kcal/(mol*A)
xmin   210     -203.0540 kcal/mol        0.0047 kcal/(mol*A)
xmin   220     -203.0540 kcal/mol        0.0075 kcal/(mol*A)
xmin   230     -203.0541 kcal/mol        0.0093 kcal/(mol*A)
xmin   240     -203.0542 kcal/mol        0.0046 kcal/(mol*A)
xmin   250     -203.0542 kcal/mol        0.0026 kcal/(mol*A)
xmin   260     -203.0542 kcal/mol        0.0046 kcal/(mol*A)
xmin   270     -203.0542 kcal/mol        0.0022 kcal/(mol*A)
xmin   280     -203.0542 kcal/mol        0.0017 kcal/(mol*A)
xmin   290     -203.0542 kcal/mol        0.0011 kcal/(mol*A)
  ... geometry converged !
 
 Final MO eigenvalues (eV):
 -35.2786  -32.9622  -30.1993  -30.0257  -27.6532  -26.7481  -26.2192  -26.1958
 -26.1680  -24.3534  -22.4380  -22.1472  -18.0107  -17.4709  -15.5183  -13.5206
 -12.3605  -11.7591  -10.5059  -10.2771  -10.0703   -9.8025   -9.6428   -9.5600
  -8.9359   -8.5806   -8.1142   -7.9129   -7.7555   -7.2987   -7.1817   -7.0351
  -6.7707   -6.6267   -6.0822   -5.9315   -5.7799   -5.2863   -5.0772   -4.1439
  -3.8302   -3.6913   -3.5879   -3.5690   -3.5556   -3.5448   -3.1510   -0.9939
   5.2895    5.6488    6.3026    7.4916    7.9723    8.2004    8.5164    8.6282
   8.6749    8.9078    9.1092    9.1781    9.3946    9.5379    9.8590   10.1136
  10.1421   10.4229   10.4991   10.5673   10.8859   11.0164   11.1820   11.4229
  11.7116   11.8625   12.2956   12.6145   12.9523   14.0939   14.9734   14.9985


 Heat of formation   =       -203.05419053 kcal/mol  (       -8.80509044 eV)

 Total SCF energy    =     -83091.94348550 kcal/mol  (    -3603.13704894 eV)
 Electronic energy   =    -443550.94072402 kcal/mol  (   -19233.81209505 eV)
 Core-core repulsion =     360458.99723852 kcal/mol  (    15630.67504612 eV)
 
    Atomic Charges for Step       1 :
  Atom    Element       Mulliken Charge
     1      C                 -0.080
     2      C                 -0.181
     3      C                 -0.134
     4      C                 -0.200
     5      C                  0.132
     6      C                 -0.035
     7      C                  0.066
     8      C                 -0.364
     9      C                 -0.512
    10      C                  0.339
    11      O                 -0.256
    12      O                 -1.134
    13      O                 -1.133
    14      O                 -1.132
    15      O                 -0.493
    16      P                  2.395
    17      C                 -0.157
    18      Br                 0.065
    19      H                  0.135
    20      H                  0.118
    21      H                  0.116
    22      H                  0.124
    23      H                  0.137
    24      H                  0.061
    25      H                  0.059
    26      H                  0.063
 Total Mulliken Charge =      -2.000
 
                  X        Y        Z     TOTAL  
  QM DIPOLE  -149.233  -38.279  -68.867  168.755
 
 Final Structure

  QMMM: QM Region Cartesian Coordinates (*=link atom) 
  QMMM: QM_NO.   MM_NO.  ATOM         X         Y         Z
  QMMM:     1        1      C       15.3481   -1.0338    9.2380
  QMMM:     2        2      C       16.4853   -0.2839    8.9468
  QMMM:     3        3      C       16.3853    1.0636    8.5708
  QMMM:     4        4      C       14.0986   -0.4146    9.2100
  QMMM:     5        5      C       13.9970    0.9374    8.8430
  QMMM:     6        6      C       15.1388    1.6864    8.4298
  QMMM:     7        7      C       14.8937    3.0420    7.9152
  QMMM:     8        8      C       15.6977    3.6706    7.0267
  QMMM:     9        9      C       13.6664    3.6346    8.3639
  QMMM:    10       10      C       12.6071    2.8941    8.8473
  QMMM:    11       11      O       12.7432    1.4618    8.9274
  QMMM:    12       12      O       17.6676    4.2334    4.6302
  QMMM:    13       13      O       18.7009    5.2082    6.7429
  QMMM:    14       14      O       16.6985    6.3617    5.6575
  QMMM:    15       15      O       11.4512    3.1669    9.2459
  QMMM:    16       16      P       17.6222    5.2124    5.7349
  QMMM:    17       17      C       15.4634   -2.4694    9.5849
  QMMM:    18       18      Br      18.0242    1.9563    8.3536
  QMMM:    19       19      H       15.4146    4.6621    6.6442
  QMMM:    20       20      H       16.6010    3.2107    6.6105
  QMMM:    21       21      H       17.4739   -0.7608    9.0162
  QMMM:    22       22      H       13.1876   -0.9631    9.4823
  QMMM:    23       23      H       13.5377    4.7144    8.2510
  QMMM:    24       24      H       14.6381   -2.7833   10.2703
  QMMM:    25       25      H       16.4396   -2.6845   10.0851
  QMMM:    26       26      H       15.4024   -3.0933    8.6576

           --------- Calculation Completed ----------

