            --------------------------------------------------------
                             AMBER SQM VERSION 19
 
                                     By
              Ross C. Walker, Michael F. Crowley, Scott Brozell,
                         Tim Giese, Andreas W. Goetz,
                        Tai-Sung Lee and David A. Case
 
            --------------------------------------------------------
 

--------------------------------------------------------------------------------
  QM CALCULATION INFO
--------------------------------------------------------------------------------

| QMMM: Citation for AMBER QMMM Run:
| QMMM: R.C. Walker, M.F. Crowley and D.A. Case, J. COMP. CHEM. 29:1019, 2008

QMMM: SINGLET STATE CALCULATION
QMMM: RHF CALCULATION, NO. OF DOUBLY OCCUPIED LEVELS = 50

| QMMM: *** Selected Hamiltonian *** 
| QMMM: AM1         

| QMMM: *** Parameter sets in use ***
| QMMM: C : M.J.S.DEWAR et al. JACS, 107, 3902, (1985)
| QMMM: O : M.J.S.DEWAR et al. JACS, 107, 3902, (1985)
| QMMM: P : M.J.S.DEWAR et al. THEOCHEM, 187,1, (1989)
| QMMM: H : M.J.S.DEWAR et al. JACS, 107, 3902, (1985)

| QMMM: *** SCF convergence criteria ***
| QMMM: Energy change                :  0.1D-09 kcal/mol
| QMMM: Error matrix |FP-PF|         :  0.1D+00 au
| QMMM: Density matrix change        :  0.5D-06
| QMMM: Maximum number of SCF cycles :     1000

| QMMM: *** Diagonalization Routine Information ***
| QMMM: Pseudo diagonalizations are allowed.
| QMMM: Auto diagonalization routine selection is in use.
| QMMM:
| QMMM: Timing diagonalization routines:
| QMMM:                              norbs =       83
| QMMM:    diag iterations used for timing =       15
| QMMM:
| QMMM:              Internal diag routine = 0.020897 seconds
| QMMM:                 Dspev diag routine = 0.025860 seconds
| QMMM:                Dspevd diag routine = 0.012973 seconds
| QMMM:                Dspevx diag routine = 0.058783 seconds
| QMMM:                 Dsyev diag routine = 0.027510 seconds
| QMMM:                Dsyevd diag routine = 0.010599 seconds
| QMMM:                Dsyevr diag routine = 0.015388 seconds
| QMMM:
| QMMM:                Pseudo diag routine = 0.008688 seconds
| QMMM:
| QMMM: Using dsyevd routine (diag_routine=6).

  QMMM: QM Region Cartesian Coordinates (*=link atom) 
  QMMM: QM_NO.   MM_NO.  ATOM         X         Y         Z
  QMMM:     1        1      C       15.3480   -0.9720    8.9820
  QMMM:     2        2      C       16.5180   -0.3550    8.7090
  QMMM:     3        3      C       16.5540    0.9810    8.4700
  QMMM:     4        4      C       14.2000   -0.2480    9.0150
  QMMM:     5        5      C       14.2150    1.1420    8.7510
  QMMM:     6        6      C       15.3910    1.8330    8.4650
  QMMM:     7        7      C       15.2630    3.2500    8.2160
  QMMM:     8        8      C       16.3300    4.2960    7.8630
  QMMM:     9        9      C       13.9850    3.7940    8.2820
  QMMM:    10       10      C       12.8750    3.0230    8.5740
  QMMM:    11       11      O       13.0110    1.7370    8.7990
  QMMM:    12       12      O       17.3480    3.1590    5.5400
  QMMM:    13       13      O       17.3180    5.6220    5.6220
  QMMM:    14       14      O       15.2290    4.3560    5.3220
  QMMM:    15       15      O       11.8030    3.5240    8.6220
  QMMM:    16       16      P       16.5710    4.3660    6.0100
  QMMM:    17       17      O       15.5350   -2.2650    9.1660
  QMMM:    18       18      H       16.0390    5.1930    8.1960
  QMMM:    19       19      H       17.1950    4.0510    8.3020
  QMMM:    20       20      H       13.3290   -0.6960    9.2160
  QMMM:    21       21      H       13.8650    4.7720    8.1130
  QMMM:    22       22      C       16.9520   -2.5640    8.9780
  QMMM:    23       23      H       17.4360    1.4090    8.2720
  QMMM:    24       24      O       17.5070   -1.2400    8.7050
  QMMM:    25       25      H       17.1140   -3.2960    8.0410
  QMMM:    26       26      H       17.4270   -3.0290    9.9770

--------------------------------------------------------------------------------
  RESULTS
--------------------------------------------------------------------------------

      iter         sqm energy              rms gradient
      ----    -------------------    -----------------------
xmin    10     -268.0178 kcal/mol        1.1606 kcal/(mol*A)
xmin    20     -269.3489 kcal/mol        1.0956 kcal/(mol*A)
xmin    30     -269.7349 kcal/mol        0.3927 kcal/(mol*A)
xmin    40     -269.8640 kcal/mol        0.5013 kcal/(mol*A)
xmin    50     -269.8905 kcal/mol        0.1201 kcal/(mol*A)
xmin    60     -269.8945 kcal/mol        0.0307 kcal/(mol*A)
xmin    70     -269.8946 kcal/mol        0.0108 kcal/(mol*A)
xmin    80     -269.8947 kcal/mol        0.0087 kcal/(mol*A)
xmin    90     -269.8948 kcal/mol        0.0050 kcal/(mol*A)
xmin   100     -269.8949 kcal/mol        0.0009 kcal/(mol*A)
xmin   110     -269.8949 kcal/mol        0.0007 kcal/(mol*A)
xmin   110     -269.8949 kcal/mol        0.0003 kcal/(mol*A)
  ... geometry converged !
 
 Final MO eigenvalues (eV):
 -37.1521  -34.7889  -31.9912  -31.8695  -30.0473  -29.1590  -26.6197  -26.0913
 -26.0424  -25.3539  -24.0701  -22.2898  -21.3697  -18.6996  -18.2716  -15.6054
 -14.9776  -13.1519  -13.1373  -12.4303  -11.3880  -10.8576  -10.6708  -10.1845
  -9.9210   -9.4968   -9.4548   -9.2523   -8.9511   -8.5057   -8.3660   -7.8325
  -7.2477   -7.0590   -7.0419   -6.9296   -6.4363   -6.2110   -5.8655   -5.6339
  -5.0415   -4.2748   -3.9520   -3.5790   -3.4721   -3.4691   -3.4401   -3.4356
  -2.9397   -1.0337    5.4554    5.7933    6.7408    7.2699    7.4909    8.0828
   8.1738    8.2021    8.5608    8.6833    8.9985    9.2630    9.3528    9.7872
   9.8047   10.1351   10.2944   10.3283   10.5696   10.7408   10.8889   10.9813
  11.2247   11.4056   11.5457   11.7086   11.8350   12.3688   12.6196   12.8910
  13.9575   15.1211   15.1581

 Heat of formation   =       -269.89485724 kcal/mol  (      -11.70351924 eV)

 Total SCF energy    =     -89390.67123685 kcal/mol  (    -3876.27038016 eV)
 Electronic energy   =    -486811.70086737 kcal/mol  (   -21109.73942446 eV)
 Core-core repulsion =     397421.02963053 kcal/mol  (    17233.46904430 eV)
 
    Atomic Charges for Step       1 :
  Atom    Element       Mulliken Charge
     1      C                  0.005
     2      C                 -0.070
     3      C                 -0.046
     4      C                 -0.185
     5      C                  0.125
     6      C                 -0.096
     7      C                  0.114
     8      C                 -0.458
     9      C                 -0.506
    10      C                  0.345
    11      O                 -0.251
    12      O                 -1.146
    13      O                 -1.146
    14      O                 -1.135
    15      O                 -0.487
    16      P                  2.419
    17      O                 -0.247
    18      H                  0.123
    19      H                  0.126
    20      H                  0.142
    21      H                  0.133
    22      C                  0.103
    23      H                  0.212
    24      O                 -0.221
    25      H                  0.076
    26      H                  0.074
 Total Mulliken Charge =      -2.000
 
                  X        Y        Z     TOTAL  
  QM DIPOLE  -148.648  -33.964  -69.039  167.380
 
 Final Structure

  QMMM: QM Region Cartesian Coordinates (*=link atom) 
  QMMM: QM_NO.   MM_NO.  ATOM         X         Y         Z
  QMMM:     1        1      C       15.3251   -0.9292    9.1188
  QMMM:     2        2      C       16.3834   -0.2470    8.4774
  QMMM:     3        3      C       16.3024    1.0859    8.1246
  QMMM:     4        4      C       14.1321   -0.3143    9.4206
  QMMM:     5        5      C       14.0385    1.0581    9.0616
  QMMM:     6        6      C       15.1089    1.7620    8.4579
  QMMM:     7        7      C       14.9390    3.1936    8.1721
  QMMM:     8        8      C       15.9938    3.9765    7.8296
  QMMM:     9        9      C       13.6129    3.6925    8.3211
  QMMM:    10       10      C       12.5825    2.9614    8.8899
  QMMM:    11       11      O       12.8311    1.6244    9.3477
  QMMM:    12       12      O       18.1461    3.2484    5.9285
  QMMM:    13       13      O       17.9783    5.7393    6.4560
  QMMM:    14       14      O       16.5289    4.7390    4.6192
  QMMM:    15       15      O       11.3847    3.2142    9.1538
  QMMM:    16       16      P       17.4663    4.5500    5.7427
  QMMM:    17       17      O       15.6988   -2.2591    9.3479
  QMMM:    18       18      H       15.8665    5.0487    7.6395
  QMMM:    19       19      H       17.0250    3.6062    7.8805
  QMMM:    20       20      H       13.2913   -0.8258    9.8973
  QMMM:    21       21      H       13.3951    4.7127    7.9926
  QMMM:    22       22      C       17.0311   -2.4034    8.8171
  QMMM:    23       23      H       17.1213    1.5969    7.5842
  QMMM:    24       24      O       17.4518   -1.1392    8.2844
  QMMM:    25       25      H       17.0060   -3.1570    7.9907
  QMMM:    26       26      H       17.7172   -2.6917    9.6524

           --------- Calculation Completed ----------

