            --------------------------------------------------------
                             AMBER SQM VERSION 19
 
                                     By
              Ross C. Walker, Michael F. Crowley, Scott Brozell,
                         Tim Giese, Andreas W. Goetz,
                        Tai-Sung Lee and David A. Case
 
            --------------------------------------------------------
 

--------------------------------------------------------------------------------
  QM CALCULATION INFO
--------------------------------------------------------------------------------

| QMMM: Citation for AMBER QMMM Run:
| QMMM: R.C. Walker, M.F. Crowley and D.A. Case, J. COMP. CHEM. 29:1019, 2008

QMMM: SINGLET STATE CALCULATION
QMMM: RHF CALCULATION, NO. OF DOUBLY OCCUPIED LEVELS = 42

| QMMM: *** Selected Hamiltonian *** 
| QMMM: AM1         

| QMMM: *** Parameter sets in use ***
| QMMM: C : M.J.S.DEWAR et al. JACS, 107, 3902, (1985)
| QMMM: N : M.J.S.DEWAR et al. JACS, 107, 3902, (1985)
| QMMM: O : M.J.S.DEWAR et al. JACS, 107, 3902, (1985)
| QMMM: P : M.J.S.DEWAR et al. THEOCHEM, 187,1, (1989)
| QMMM: H : M.J.S.DEWAR et al. JACS, 107, 3902, (1985)

| QMMM: *** SCF convergence criteria ***
| QMMM: Energy change                :  0.1D-09 kcal/mol
| QMMM: Error matrix |FP-PF|         :  0.1D+00 au
| QMMM: Density matrix change        :  0.5D-06
| QMMM: Maximum number of SCF cycles :     1000

| QMMM: *** Diagonalization Routine Information ***
| QMMM: Pseudo diagonalizations are allowed.
| QMMM: Auto diagonalization routine selection is in use.
| QMMM:
| QMMM: Timing diagonalization routines:
| QMMM:                              norbs =       72
| QMMM:    diag iterations used for timing =       15
| QMMM:
| QMMM:              Internal diag routine = 0.015541 seconds
| QMMM:                 Dspev diag routine = 0.017909 seconds
| QMMM:                Dspevd diag routine = 0.009500 seconds
| QMMM:                Dspevx diag routine = 0.044316 seconds
| QMMM:                 Dsyev diag routine = 0.017224 seconds
| QMMM:                Dsyevd diag routine = 0.008060 seconds
| QMMM:                Dsyevr diag routine = 0.011617 seconds
| QMMM:
| QMMM:                Pseudo diag routine = 0.005747 seconds
| QMMM:
| QMMM: Using dsyevd routine (diag_routine=6).

  QMMM: QM Region Cartesian Coordinates (*=link atom) 
  QMMM: QM_NO.   MM_NO.  ATOM         X         Y         Z
  QMMM:     1        1      C       15.3590   -1.0030    9.0020
  QMMM:     2        2      C       16.5550   -0.3770    8.7260
  QMMM:     3        3      C       16.5540    0.9810    8.4700
  QMMM:     4        4      C       14.2000   -0.2480    9.0150
  QMMM:     5        5      C       14.2150    1.1420    8.7510
  QMMM:     6        6      C       15.3910    1.8330    8.4650
  QMMM:     7        7      C       15.2630    3.2500    8.2160
  QMMM:     8        8      C       16.3300    4.2960    7.8630
  QMMM:     9        9      C       13.9850    3.7940    8.2820
  QMMM:    10       10      C       12.8750    3.0230    8.5740
  QMMM:    11       11      N       13.0110    1.7370    8.7990
  QMMM:    12       12      O       17.3480    3.1590    5.5400
  QMMM:    13       13      O       17.3180    5.6220    5.6220
  QMMM:    14       14      O       15.2290    4.3560    5.3220
  QMMM:    15       15      O       11.8030    3.5240    8.6220
  QMMM:    16       16      P       16.5710    4.3660    6.0100
  QMMM:    17       17      H       16.0390    5.1930    8.1960
  QMMM:    18       18      H       17.1950    4.0510    8.3020
  QMMM:    19       19      H       17.4090   -0.8970    8.7110
  QMMM:    20       20      H       13.3290   -0.6960    9.2160
  QMMM:    21       21      H       13.8650    4.7720    8.1130
  QMMM:    22       22      H       12.2020    1.1890    9.0110
  QMMM:    23       23      H       15.3300   -1.9850    9.1900
  QMMM:    24       24      H       17.4360    1.4090    8.2720

--------------------------------------------------------------------------------
  RESULTS
--------------------------------------------------------------------------------

      iter         sqm energy              rms gradient
      ----    -------------------    -----------------------
xmin    10     -163.7016 kcal/mol        0.6856 kcal/(mol*A)
xmin    20     -165.1151 kcal/mol        0.3206 kcal/(mol*A)
xmin    30     -165.3285 kcal/mol        0.1379 kcal/(mol*A)
xmin    40     -165.3508 kcal/mol        0.1142 kcal/(mol*A)
xmin    50     -165.3551 kcal/mol        0.0499 kcal/(mol*A)
xmin    60     -165.3565 kcal/mol        0.0132 kcal/(mol*A)
xmin    70     -165.3566 kcal/mol        0.0143 kcal/(mol*A)
xmin    80     -165.3567 kcal/mol        0.0005 kcal/(mol*A)
  ... geometry converged !
 
 Final MO eigenvalues (eV):
 -34.4838  -31.6740  -29.0544  -28.5987  -26.3947  -25.8584  -25.8188  -24.6125
 -23.6232  -21.4636  -17.7865  -17.3891  -15.0515  -12.8038  -12.4761  -11.3856
  -9.9593   -9.4748   -9.1401   -8.9893   -8.9181   -8.7026   -7.5426   -7.3262
  -7.2574   -6.9353   -6.8203   -6.5240   -6.0380   -5.6131   -5.4606   -5.2504
  -5.0337   -3.9383   -3.4563   -3.3660   -3.2617   -3.2558   -3.2264   -3.2248
  -2.4978   -0.5834    5.9809    6.2812    7.9146    8.4802    8.5267    9.1740
   9.3959    9.6897    9.7679   10.1015   10.1918   10.4820   10.5101   10.7526
  10.9745   11.0889   11.3872   11.4226   11.5647   11.7116   11.9191   12.0380
  12.1435   12.2342   12.7712   12.9736   13.1684   14.2022   15.3458   15.3798


 Heat of formation   =       -165.35666664 kcal/mol  (       -7.17040313 eV)

 Total SCF energy    =     -69377.35989302 kcal/mol  (    -3008.42807740 eV)
 Electronic energy   =    -360723.94472200 kcal/mol  (   -15642.16403113 eV)
 Core-core repulsion =     291346.58482898 kcal/mol  (    12633.73595373 eV)
 
    Atomic Charges for Step       1 :
  Atom    Element       Mulliken Charge
     1      C                 -0.116
     2      C                 -0.220
     3      C                 -0.073
     4      C                 -0.262
     5      C                  0.119
     6      C                 -0.080
     7      C                  0.118
     8      C                 -0.486
     9      C                 -0.481
    10      C                  0.338
    11      N                 -0.330
    12      O                 -1.151
    13      O                 -1.150
    14      O                 -1.138
    15      O                 -0.545
    16      P                  2.428
    17      H                  0.119
    18      H                  0.120
    19      H                  0.104
    20      H                  0.095
    21      H                  0.128
    22      H                  0.195
    23      H                  0.084
    24      H                  0.185
 Total Mulliken Charge =      -2.000
 
                  X        Y        Z     TOTAL  
  QM DIPOLE  -149.523  -37.038  -67.694  168.260
 
 Final Structure

  QMMM: QM Region Cartesian Coordinates (*=link atom) 
  QMMM: QM_NO.   MM_NO.  ATOM         X         Y         Z
  QMMM:     1        1      C       15.4413   -0.9448    9.0220
  QMMM:     2        2      C       16.4652   -0.2327    8.4072
  QMMM:     3        3      C       16.2916    1.1201    8.1052
  QMMM:     4        4      C       14.2336   -0.3262    9.3183
  QMMM:     5        5      C       14.0341    1.0441    9.0106
  QMMM:     6        6      C       15.1084    1.7890    8.4215
  QMMM:     7        7      C       14.9206    3.2220    8.1441
  QMMM:     8        8      C       15.9757    4.0113    7.8024
  QMMM:     9        9      C       13.5966    3.7281    8.2865
  QMMM:    10       10      C       12.5439    2.9890    8.8411
  QMMM:    11       11      N       12.8281    1.6548    9.2771
  QMMM:    12       12      O       18.2176    3.3271    5.9396
  QMMM:    13       13      O       17.9457    5.8109    6.4489
  QMMM:    14       14      O       16.5544    4.7398    4.6065
  QMMM:    15       15      O       11.3432    3.3518    9.0425
  QMMM:    16       16      P       17.4775    4.5953    5.7490
  QMMM:    17       17      H       15.8432    5.0832    7.6167
  QMMM:    18       18      H       17.0081    3.6487    7.8683
  QMMM:    19       19      H       17.4097   -0.7289    8.1498
  QMMM:    20       20      H       13.4267   -0.9059    9.7861
  QMMM:    21       21      H       13.3842    4.7527    7.9702
  QMMM:    22       22      H       12.0791    1.1057    9.6230
  QMMM:    23       23      H       15.5788   -2.0073    9.2681
  QMMM:    24       24      H       17.1047    1.6633    7.5854

           --------- Calculation Completed ----------

