            --------------------------------------------------------
                             AMBER SQM VERSION 19
 
                                     By
              Ross C. Walker, Michael F. Crowley, Scott Brozell,
                         Tim Giese, Andreas W. Goetz,
                        Tai-Sung Lee and David A. Case
 
            --------------------------------------------------------
 

--------------------------------------------------------------------------------
  QM CALCULATION INFO
--------------------------------------------------------------------------------

| QMMM: Citation for AMBER QMMM Run:
| QMMM: R.C. Walker, M.F. Crowley and D.A. Case, J. COMP. CHEM. 29:1019, 2008

QMMM: SINGLET STATE CALCULATION
QMMM: RHF CALCULATION, NO. OF DOUBLY OCCUPIED LEVELS = 45

| QMMM: *** Selected Hamiltonian *** 
| QMMM: AM1         

| QMMM: *** Parameter sets in use ***
| QMMM: C : M.J.S.DEWAR et al. JACS, 107, 3902, (1985)
| QMMM: O : M.J.S.DEWAR et al. JACS, 107, 3902, (1985)
| QMMM: P : M.J.S.DEWAR et al. THEOCHEM, 187,1, (1989)
| QMMM: H : M.J.S.DEWAR et al. JACS, 107, 3902, (1985)

| QMMM: *** SCF convergence criteria ***
| QMMM: Energy change                :  0.1D-09 kcal/mol
| QMMM: Error matrix |FP-PF|         :  0.1D+00 au
| QMMM: Density matrix change        :  0.5D-06
| QMMM: Maximum number of SCF cycles :     1000

| QMMM: *** Diagonalization Routine Information ***
| QMMM: Pseudo diagonalizations are allowed.
| QMMM: Auto diagonalization routine selection is in use.
| QMMM:
| QMMM: Timing diagonalization routines:
| QMMM:                              norbs =       77
| QMMM:    diag iterations used for timing =       15
| QMMM:
| QMMM:              Internal diag routine = 0.016423 seconds
| QMMM:                 Dspev diag routine = 0.021420 seconds
| QMMM:                Dspevd diag routine = 0.011162 seconds
| QMMM:                Dspevx diag routine = 0.053939 seconds
| QMMM:                 Dsyev diag routine = 0.020614 seconds
| QMMM:                Dsyevd diag routine = 0.009194 seconds
| QMMM:                Dsyevr diag routine = 0.013280 seconds
| QMMM:
| QMMM:                Pseudo diag routine = 0.007115 seconds
| QMMM:
| QMMM: Using dsyevd routine (diag_routine=6).

  QMMM: QM Region Cartesian Coordinates (*=link atom) 
  QMMM: QM_NO.   MM_NO.  ATOM         X         Y         Z
  QMMM:     1        1      C       15.3590   -1.0030    9.0020
  QMMM:     2        2      C       16.5550   -0.3770    8.7260
  QMMM:     3        3      C       16.5540    0.9810    8.4700
  QMMM:     4        4      C       14.2000   -0.2480    9.0150
  QMMM:     5        5      C       14.2150    1.1420    8.7510
  QMMM:     6        6      C       15.3910    1.8330    8.4650
  QMMM:     7        7      C       15.2630    3.2500    8.2160
  QMMM:     8        8      C       16.3300    4.2960    7.8630
  QMMM:     9        9      C       13.9850    3.7940    8.2820
  QMMM:    10       10      C       12.8750    3.0230    8.5740
  QMMM:    11       11      O       13.0110    1.7370    8.7990
  QMMM:    12       12      O       17.3480    3.1590    5.5400
  QMMM:    13       13      O       17.3180    5.6220    5.6220
  QMMM:    14       14      O       15.2290    4.3560    5.3220
  QMMM:    15       15      O       11.8030    3.5240    8.6220
  QMMM:    16       16      P       16.5710    4.3660    6.0100
  QMMM:    17       17      H       16.0390    5.1930    8.1960
  QMMM:    18       18      H       17.1950    4.0510    8.3020
  QMMM:    19       19      C       17.8690   -1.1370    8.6920
  QMMM:    20       20      H       13.3290   -0.6960    9.2160
  QMMM:    21       21      H       13.8650    4.7720    8.1130
  QMMM:    22       22      H       17.4360    1.4090    8.2720
  QMMM:    23       23      H       18.8020   -0.3830    8.7500
  QMMM:    24       24      H       17.9330   -1.7690    7.6750
  QMMM:    25       25      H       17.9140   -1.8890    9.6260
  QMMM:    26       26      H       15.3300   -1.9850    9.1900

--------------------------------------------------------------------------------
  RESULTS
--------------------------------------------------------------------------------

      iter         sqm energy              rms gradient
      ----    -------------------    -----------------------
xmin    10     -214.3048 kcal/mol        1.4503 kcal/(mol*A)
xmin    20     -215.8321 kcal/mol        0.8919 kcal/(mol*A)
xmin    30     -216.0918 kcal/mol        0.7567 kcal/(mol*A)
xmin    40     -216.1325 kcal/mol        0.1051 kcal/(mol*A)
xmin    50     -216.1545 kcal/mol        0.0655 kcal/(mol*A)
xmin    60     -216.1714 kcal/mol        0.3558 kcal/(mol*A)
xmin    70     -216.1839 kcal/mol        0.0723 kcal/(mol*A)
xmin    80     -216.1651 kcal/mol        0.2112 kcal/(mol*A)
xmin    90     -216.1865 kcal/mol        0.0189 kcal/(mol*A)
xmin   100     -216.1921 kcal/mol        0.0789 kcal/(mol*A)
xmin   110     -216.1965 kcal/mol        0.0931 kcal/(mol*A)
xmin   120     -216.2005 kcal/mol        0.0291 kcal/(mol*A)
xmin   130     -216.2028 kcal/mol        0.0167 kcal/(mol*A)
xmin   140     -216.2033 kcal/mol        0.0086 kcal/(mol*A)
xmin   150     -216.2035 kcal/mol        0.0354 kcal/(mol*A)
xmin   160     -216.2036 kcal/mol        0.0022 kcal/(mol*A)
  ... geometry converged !
 
 Final MO eigenvalues (eV):
 -34.9719  -32.6837  -30.0698  -29.4661  -26.9229  -26.5474  -26.0152  -25.9726
 -24.7063  -22.0863  -21.6215  -18.1681  -16.9491  -15.3463  -13.2963  -12.0101
 -11.3258  -10.0434   -9.8700   -9.6530   -9.3407   -9.3374   -9.1930   -8.7394
  -7.8719   -7.7032   -7.3245   -7.2071   -7.0959   -6.9693   -6.7934   -6.1869
  -6.1422   -5.7558   -5.4312   -5.1935   -4.0790   -3.6418   -3.5142   -3.4094
  -3.4019   -3.3734   -3.3717   -2.8933   -0.8726    5.8305    6.1038    7.7199
   8.3463    8.6444    9.0235    9.2489    9.3376    9.4106    9.5422    9.5707
   9.7071   10.0517   10.1743   10.3693   10.3834   10.6896   10.8372   11.1089
  11.1793   11.2888   11.3551   11.5188   11.7174   11.8774   12.0760   12.5602
  12.7973   13.0854   14.1231   15.1921   15.2273

 Heat of formation   =       -216.20358021 kcal/mol  (       -9.37529076 eV)

 Total SCF energy    =     -75268.54990447 kcal/mol  (    -3263.88924611 eV)
 Electronic energy   =    -404041.50224444 kcal/mol  (   -17520.55427971 eV)
 Core-core repulsion =     328772.95233997 kcal/mol  (    14256.66503361 eV)
 
    Atomic Charges for Step       1 :
  Atom    Element       Mulliken Charge
     1      C                 -0.125
     2      C                 -0.152
     3      C                 -0.073
     4      C                 -0.210
     5      C                  0.121
     6      C                 -0.090
     7      C                  0.116
     8      C                 -0.465
     9      C                 -0.508
    10      C                  0.345
    11      O                 -0.253
    12      O                 -1.150
    13      O                 -1.147
    14      O                 -1.136
    15      O                 -0.493
    16      P                  2.423
    17      H                  0.121
    18      H                  0.122
    19      C                 -0.155
    20      H                  0.116
    21      H                  0.130
    22      H                  0.186
    23      H                  0.095
    24      H                  0.045
    25      H                  0.048
    26      H                  0.091
 Total Mulliken Charge =      -2.000
 
                  X        Y        Z     TOTAL  
  QM DIPOLE  -148.325  -35.052  -69.138  167.359
 
 Final Structure

  QMMM: QM Region Cartesian Coordinates (*=link atom) 
  QMMM: QM_NO.   MM_NO.  ATOM         X         Y         Z
  QMMM:     1        1      C       15.4311   -0.9386    9.1864
  QMMM:     2        2      C       16.4865   -0.2452    8.5852
  QMMM:     3        3      C       16.3235    1.1022    8.2427
  QMMM:     4        4      C       14.2171   -0.3087    9.4248
  QMMM:     5        5      C       14.0541    1.0452    9.0711
  QMMM:     6        6      C       15.1253    1.7753    8.5040
  QMMM:     7        7      C       14.9297    3.1965    8.1878
  QMMM:     8        8      C       15.9760    3.9951    7.8532
  QMMM:     9        9      C       13.5881    3.6615    8.2976
  QMMM:    10       10      C       12.5589    2.9048    8.8390
  QMMM:    11       11      O       12.8182    1.5760    9.3070
  QMMM:    12       12      O       18.2777    3.2713    6.0797
  QMMM:    13       13      O       17.9834    5.7657    6.5226
  QMMM:    14       14      O       16.6612    4.6503    4.6552
  QMMM:    15       15      O       11.3481    3.1379    9.0632
  QMMM:    16       16      P       17.5481    4.5350    5.8288
  QMMM:    17       17      H       15.8337    5.0590    7.6318
  QMMM:    18       18      H       17.0117    3.6470    7.9490
  QMMM:    19       19      C       17.7699   -0.9315    8.3131
  QMMM:    20       20      H       13.3753   -0.8479    9.8764
  QMMM:    21       21      H       13.3525    4.6747    7.9601
  QMMM:    22       22      H       17.1503    1.6373    7.7359
  QMMM:    23       23      H       18.3859   -0.3492    7.5835
  QMMM:    24       24      H       17.5938   -1.9532    7.8936
  QMMM:    25       25      H       18.3591   -1.0443    9.2581
  QMMM:    26       26      H       15.5597   -1.9950    9.4613

           --------- Calculation Completed ----------

