            --------------------------------------------------------
                             AMBER SQM VERSION 19
 
                                     By
              Ross C. Walker, Michael F. Crowley, Scott Brozell,
                         Tim Giese, Andreas W. Goetz,
                        Tai-Sung Lee and David A. Case
 
            --------------------------------------------------------
 

--------------------------------------------------------------------------------
  QM CALCULATION INFO
--------------------------------------------------------------------------------

| QMMM: Citation for AMBER QMMM Run:
| QMMM: R.C. Walker, M.F. Crowley and D.A. Case, J. COMP. CHEM. 29:1019, 2008

QMMM: SINGLET STATE CALCULATION
QMMM: RHF CALCULATION, NO. OF DOUBLY OCCUPIED LEVELS = 48

| QMMM: *** Selected Hamiltonian *** 
| QMMM: AM1         

| QMMM: *** Parameter sets in use ***
| QMMM: C : M.J.S.DEWAR et al. JACS, 107, 3902, (1985)
| QMMM: N : M.J.S.DEWAR et al. JACS, 107, 3902, (1985)
| QMMM: O : M.J.S.DEWAR et al. JACS, 107, 3902, (1985)
| QMMM: P : M.J.S.DEWAR et al. THEOCHEM, 187,1, (1989)
| QMMM: Br: M.J.S.DEWAR et al. THEOCHEM, 180, 1, (1988)
| QMMM: H : M.J.S.DEWAR et al. JACS, 107, 3902, (1985)

| QMMM: *** SCF convergence criteria ***
| QMMM: Energy change                :  0.1D-09 kcal/mol
| QMMM: Error matrix |FP-PF|         :  0.1D+00 au
| QMMM: Density matrix change        :  0.5D-06
| QMMM: Maximum number of SCF cycles :     1000

| QMMM: *** Diagonalization Routine Information ***
| QMMM: Pseudo diagonalizations are allowed.
| QMMM: Auto diagonalization routine selection is in use.
| QMMM:
| QMMM: Timing diagonalization routines:
| QMMM:                              norbs =       78
| QMMM:    diag iterations used for timing =       15
| QMMM:
| QMMM:              Internal diag routine = 0.017036 seconds
| QMMM:                 Dspev diag routine = 0.021735 seconds
| QMMM:                Dspevd diag routine = 0.011397 seconds
| QMMM:                Dspevx diag routine = 0.053380 seconds
| QMMM:                 Dsyev diag routine = 0.021050 seconds
| QMMM:                Dsyevd diag routine = 0.011501 seconds
| QMMM:                Dsyevr diag routine = 0.013522 seconds
| QMMM:
| QMMM:                Pseudo diag routine = 0.006954 seconds
| QMMM:
| QMMM: Using dspevd routine (diag_routine=3).

  QMMM: QM Region Cartesian Coordinates (*=link atom) 
  QMMM: QM_NO.   MM_NO.  ATOM         X         Y         Z
  QMMM:     1        1      C       15.3590   -1.0030    9.0020
  QMMM:     2        2      C       16.5550   -0.3770    8.7260
  QMMM:     3        3      C       16.5540    0.9810    8.4700
  QMMM:     4        4      C       14.2000   -0.2480    9.0150
  QMMM:     5        5      C       14.2150    1.1420    8.7510
  QMMM:     6        6      C       15.3910    1.8330    8.4650
  QMMM:     7        7      C       15.2630    3.2500    8.2160
  QMMM:     8        8      C       16.3300    4.2960    7.8630
  QMMM:     9        9      C       13.9850    3.7940    8.2820
  QMMM:    10       10      C       12.8750    3.0230    8.5740
  QMMM:    11       11      N       13.0110    1.7370    8.7990
  QMMM:    12       12      O       17.3480    3.1590    5.5400
  QMMM:    13       13      O       17.3180    5.6220    5.6220
  QMMM:    14       14      O       15.2290    4.3560    5.3220
  QMMM:    15       15      O       11.8030    3.5240    8.6220
  QMMM:    16       16      P       16.5710    4.3660    6.0100
  QMMM:    17       17      Br      15.3380   -2.9060    9.3680
  QMMM:    18       18      Br      18.2170    1.9060    8.0840
  QMMM:    19       19      H       16.0390    5.1930    8.1960
  QMMM:    20       20      H       17.1950    4.0510    8.3020
  QMMM:    21       21      H       17.4090   -0.8970    8.7110
  QMMM:    22       22      H       13.3290   -0.6960    9.2160
  QMMM:    23       23      H       13.8650    4.7720    8.1130
  QMMM:    24       24      H       12.2020    1.1890    9.0110

--------------------------------------------------------------------------------
  RESULTS
--------------------------------------------------------------------------------

      iter         sqm energy              rms gradient
      ----    -------------------    -----------------------
xmin    10     -149.0938 kcal/mol        1.7209 kcal/(mol*A)
xmin    20     -150.9623 kcal/mol        0.3173 kcal/(mol*A)
xmin    30     -151.0284 kcal/mol        0.1980 kcal/(mol*A)
xmin    40     -151.0943 kcal/mol        0.1559 kcal/(mol*A)
xmin    50     -151.1550 kcal/mol        0.2097 kcal/(mol*A)
xmin    60     -151.2103 kcal/mol        0.1333 kcal/(mol*A)
xmin    70     -151.2550 kcal/mol        0.2830 kcal/(mol*A)
xmin    80     -151.3028 kcal/mol        0.2884 kcal/(mol*A)
xmin    90     -151.3310 kcal/mol        0.1888 kcal/(mol*A)
xmin   100     -151.4073 kcal/mol        0.4091 kcal/(mol*A)
xmin   110     -151.5513 kcal/mol        0.8968 kcal/(mol*A)
xmin   120     -151.6530 kcal/mol        0.4061 kcal/(mol*A)
xmin   130     -151.6848 kcal/mol        0.3929 kcal/(mol*A)
xmin   140     -151.7162 kcal/mol        0.2886 kcal/(mol*A)
xmin   150     -151.7247 kcal/mol        0.0589 kcal/(mol*A)
xmin   160     -151.7255 kcal/mol        0.0087 kcal/(mol*A)
xmin   170     -151.7261 kcal/mol        0.0180 kcal/(mol*A)
xmin   180     -151.7262 kcal/mol        0.0047 kcal/(mol*A)
xmin   190     -151.7263 kcal/mol        0.0035 kcal/(mol*A)
xmin   200     -151.7263 kcal/mol        0.0034 kcal/(mol*A)
xmin   210     -151.7263 kcal/mol        0.0017 kcal/(mol*A)
  ... geometry converged !
 
 Final MO eigenvalues (eV):
 -35.1347  -32.2672  -29.8294  -29.3001  -27.6797  -26.7585  -26.3532  -26.2341
 -26.2032  -24.2154  -23.8987  -21.8459  -18.0832  -17.9720  -15.5220  -13.3598
 -12.8033  -12.1258  -10.6047  -10.0745   -9.9278   -9.6954   -9.5958   -9.1816
  -8.4452   -8.2244   -7.9628   -7.4749   -7.2778   -7.2078   -7.0946   -6.9811
  -6.8082   -6.5275   -6.0749   -5.9998   -5.5901   -5.2461   -5.1384   -4.1957
  -3.8452   -3.7096   -3.6058   -3.5866   -3.5737   -3.5619   -2.9898   -0.9389
   5.0694    5.2596    5.4409    6.2508    7.3697    7.8139    8.1067    8.8134
   8.9664    9.2644    9.3160    9.4561    9.5918   10.0596   10.1082   10.2309
  10.3297   10.5927   10.9662   11.1618   11.3598   11.6108   11.6441   11.8088
  12.2593   12.5371   12.7940   13.9532   14.9553   14.9805

 Heat of formation   =       -151.72631591 kcal/mol  (       -6.57934677 eV)

 Total SCF energy    =     -85036.81548370 kcal/mol  (    -3687.47302735 eV)
 Electronic energy   =    -440501.78195900 kcal/mol  (   -19101.59064910 eV)
 Core-core repulsion =     355464.96647529 kcal/mol  (    15414.11762176 eV)
 
    Atomic Charges for Step       1 :
  Atom    Element       Mulliken Charge
     1      C                 -0.115
     2      C                 -0.180
     3      C                 -0.135
     4      C                 -0.248
     5      C                  0.131
     6      C                 -0.010
     7      C                  0.061
     8      C                 -0.368
     9      C                 -0.483
    10      C                  0.328
    11      N                 -0.318
    12      O                 -1.134
    13      O                 -1.133
    14      O                 -1.132
    15      O                 -0.538
    16      P                  2.395
    17      Br                -0.044
    18      Br                 0.079
    19      H                  0.136
    20      H                  0.119
    21      H                  0.132
    22      H                  0.121
    23      H                  0.137
    24      H                  0.199
 Total Mulliken Charge =      -2.000
 
                  X        Y        Z     TOTAL  
  QM DIPOLE  -151.271  -36.899  -69.393  170.470
 
 Final Structure

  QMMM: QM Region Cartesian Coordinates (*=link atom) 
  QMMM: QM_NO.   MM_NO.  ATOM         X         Y         Z
  QMMM:     1        1      C       15.4235   -0.9983    9.2790
  QMMM:     2        2      C       16.5457   -0.2138    9.0708
  QMMM:     3        3      C       16.3964    1.1335    8.6914
  QMMM:     4        4      C       14.1462   -0.4558    9.1820
  QMMM:     5        5      C       13.9826    0.9037    8.8218
  QMMM:     6        6      C       15.1407    1.6957    8.4650
  QMMM:     7        7      C       14.8882    3.0395    7.9166
  QMMM:     8        8      C       15.7224    3.6524    7.0429
  QMMM:     9        9      C       13.6408    3.6396    8.2977
  QMMM:    10       10      C       12.5463    2.8947    8.7286
  QMMM:    11       11      N       12.7317    1.4677    8.8259
  QMMM:    12       12      O       17.8399    4.2162    4.8044
  QMMM:    13       13      O       18.7194    5.2303    6.9680
  QMMM:    14       14      O       16.7816    6.3459    5.7353
  QMMM:    15       15      O       11.3779    3.2774    9.0436
  QMMM:    16       16      P       17.7105    5.2088    5.8903
  QMMM:    17       17      Br      15.6217   -2.8209    9.7371
  QMMM:    18       18      Br      18.0020    2.1038    8.5919
  QMMM:    19       19      H       15.4464    4.6316    6.6249
  QMMM:    20       20      H       16.6399    3.1867    6.6660
  QMMM:    21       21      H       17.5531   -0.6360    9.1960
  QMMM:    22       22      H       13.2636   -1.0750    9.3939
  QMMM:    23       23      H       13.5163    4.7175    8.1689
  QMMM:    24       24      H       11.9642    0.9216    9.1383

           --------- Calculation Completed ----------

