-I: Adding /home/jguven/Software/amber22/dat/leap/prep to search path.
-I: Adding /home/jguven/Software/amber22/dat/leap/lib to search path.
-I: Adding /home/jguven/Software/amber22/dat/leap/parm to search path.
-I: Adding /home/jguven/Software/amber22/dat/leap/cmd to search path.
-s: Ignoring all leaprc startup files.
-f: Source /home/jguven/projects/uaff/vim2/inputs/ligands/solvate_ligand_16//tleap_genpdb_ligand_16.in.

Welcome to LEaP!
Sourcing: /home/jguven/projects/uaff/vim2/inputs/ligands/solvate_ligand_16//tleap_genpdb_ligand_16.in
----- Source: /home/jguven/Software/amber22/dat/leap/cmd/leaprc.gaff2
----- Source of /home/jguven/Software/amber22/dat/leap/cmd/leaprc.gaff2 done
Log file: ./leap.log
Loading parameters: /home/jguven/Software/amber22/dat/leap/parm/gaff2.dat
Reading title:
AMBER General Force Field for organic molecules (Version 2.11, May 2016)
----- Source: /home/jguven/Software/amber22/dat/leap/cmd/leaprc.water.tip3p
----- Source of /home/jguven/Software/amber22/dat/leap/cmd/leaprc.water.tip3p done
Loading library: /home/jguven/Software/amber22/dat/leap/lib/atomic_ions.lib
Loading library: /home/jguven/Software/amber22/dat/leap/lib/solvents.lib
Loading parameters: /home/jguven/Software/amber22/dat/leap/parm/frcmod.tip3p
Reading force field modification type file (frcmod)
Reading title:
This is the additional/replacement parameter set for TIP3P water
Loading parameters: /home/jguven/Software/amber22/dat/leap/parm/frcmod.ions1lm_126_tip3p
Reading force field modification type file (frcmod)
Reading title:
Li/Merz ion parameters of monovalent ions for TIP3P water model (12-6 normal usage set)
Loading parameters: /home/jguven/Software/amber22/dat/leap/parm/frcmod.ionsjc_tip3p
Reading force field modification type file (frcmod)
Reading title:
Monovalent ion parameters for Ewald and TIP3P water from Joung & Cheatham JPCB (2008)
Loading parameters: /home/jguven/Software/amber22/dat/leap/parm/frcmod.ions234lm_126_tip3p
Reading force field modification type file (frcmod)
Reading title:
Li/Merz ion parameters of divalent to tetravalent ions for TIP3P water model (12-6 normal usage set)
Loading Mol2 file: /home/jguven/projects/uaff/vim2/inputs/ligands/solvate_ligand_16//ligand_16.mol2
Reading MOLECULE named MOL
Loading parameters: /home/jguven/projects/uaff/vim2/inputs/ligands/solvate_ligand_16//ligand_16.frcmod
Reading force field modification type file (frcmod)
Reading title:
Remark line goes here
Writing pdb file: ligand_16_tleap.pdb
	Quit

Exiting LEaP: Errors = 0; Warnings = 0; Notes = 0.
