            --------------------------------------------------------
                             AMBER SQM VERSION 19
 
                                     By
              Ross C. Walker, Michael F. Crowley, Scott Brozell,
                         Tim Giese, Andreas W. Goetz,
                        Tai-Sung Lee and David A. Case
 
            --------------------------------------------------------
 

--------------------------------------------------------------------------------
  QM CALCULATION INFO
--------------------------------------------------------------------------------

| QMMM: Citation for AMBER QMMM Run:
| QMMM: R.C. Walker, M.F. Crowley and D.A. Case, J. COMP. CHEM. 29:1019, 2008

QMMM: SINGLET STATE CALCULATION
QMMM: RHF CALCULATION, NO. OF DOUBLY OCCUPIED LEVELS = 48

| QMMM: *** Selected Hamiltonian *** 
| QMMM: AM1         

| QMMM: *** Parameter sets in use ***
| QMMM: C : M.J.S.DEWAR et al. JACS, 107, 3902, (1985)
| QMMM: N : M.J.S.DEWAR et al. JACS, 107, 3902, (1985)
| QMMM: O : M.J.S.DEWAR et al. JACS, 107, 3902, (1985)
| QMMM: P : M.J.S.DEWAR et al. THEOCHEM, 187,1, (1989)
| QMMM: H : M.J.S.DEWAR et al. JACS, 107, 3902, (1985)

| QMMM: *** SCF convergence criteria ***
| QMMM: Energy change                :  0.1D-09 kcal/mol
| QMMM: Error matrix |FP-PF|         :  0.1D+00 au
| QMMM: Density matrix change        :  0.5D-06
| QMMM: Maximum number of SCF cycles :     1000

| QMMM: *** Diagonalization Routine Information ***
| QMMM: Pseudo diagonalizations are allowed.
| QMMM: Auto diagonalization routine selection is in use.
| QMMM:
| QMMM: Timing diagonalization routines:
| QMMM:                              norbs =       84
| QMMM:    diag iterations used for timing =       15
| QMMM:
| QMMM:              Internal diag routine = 0.023612 seconds
| QMMM:                 Dspev diag routine = 0.026899 seconds
| QMMM:                Dspevd diag routine = 0.013763 seconds
| QMMM:                Dspevx diag routine = 0.060555 seconds
| QMMM:                 Dsyev diag routine = 0.025918 seconds
| QMMM:                Dsyevd diag routine = 0.010809 seconds
| QMMM:                Dsyevr diag routine = 0.015950 seconds
| QMMM:
| QMMM:                Pseudo diag routine = 0.010231 seconds
| QMMM:
| QMMM: Using dsyevd routine (diag_routine=6).

  QMMM: QM Region Cartesian Coordinates (*=link atom) 
  QMMM: QM_NO.   MM_NO.  ATOM         X         Y         Z
  QMMM:     1        1      C       15.3590   -1.0030    9.0020
  QMMM:     2        2      C       16.5550   -0.3770    8.7260
  QMMM:     3        3      C       16.5540    0.9810    8.4700
  QMMM:     4        4      C       14.2000   -0.2480    9.0150
  QMMM:     5        5      C       14.2150    1.1420    8.7510
  QMMM:     6        6      C       15.3910    1.8330    8.4650
  QMMM:     7        7      C       15.2630    3.2500    8.2160
  QMMM:     8        8      C       16.3300    4.2960    7.8630
  QMMM:     9        9      C       13.9850    3.7940    8.2820
  QMMM:    10       10      C       12.8750    3.0230    8.5740
  QMMM:    11       11      N       13.0110    1.7370    8.7990
  QMMM:    12       12      O       17.3480    3.1590    5.5400
  QMMM:    13       13      O       17.3180    5.6220    5.6220
  QMMM:    14       14      O       15.2290    4.3560    5.3220
  QMMM:    15       15      O       11.8030    3.5240    8.6220
  QMMM:    16       16      P       16.5710    4.3660    6.0100
  QMMM:    17       17      C       15.3310   -2.4900    9.2890
  QMMM:    18       18      C       17.9470    1.5330    8.2220
  QMMM:    19       19      H       16.0390    5.1930    8.1960
  QMMM:    20       20      H       17.1950    4.0510    8.3020
  QMMM:    21       21      H       17.4090   -0.8970    8.7110
  QMMM:    22       22      H       13.3290   -0.6960    9.2160
  QMMM:    23       23      H       13.8650    4.7720    8.1130
  QMMM:    24       24      H       12.2020    1.1890    9.0110
  QMMM:    25       25      H       14.2010   -2.8910    9.3470
  QMMM:    26       26      H       15.8800   -2.7010   10.3350
  QMMM:    27       27      H       15.9110   -3.0720    8.4150
  QMMM:    28       28      H       18.7570    0.6650    8.0440
  QMMM:    29       29      H       17.9610    2.2230    7.2480
  QMMM:    30       30      H       18.2930    2.1670    9.1810

--------------------------------------------------------------------------------
  RESULTS
--------------------------------------------------------------------------------

      iter         sqm energy              rms gradient
      ----    -------------------    -----------------------
xmin    10     -172.3620 kcal/mol        1.5219 kcal/(mol*A)
xmin    20     -173.3602 kcal/mol        0.3422 kcal/(mol*A)
xmin    30     -174.0331 kcal/mol        0.3472 kcal/(mol*A)
xmin    40     -174.4285 kcal/mol        0.6324 kcal/(mol*A)
xmin    50     -174.8260 kcal/mol        0.2180 kcal/(mol*A)
xmin    60     -174.8708 kcal/mol        0.1698 kcal/(mol*A)
xmin    70     -174.8913 kcal/mol        0.0928 kcal/(mol*A)
xmin    80     -174.8942 kcal/mol        0.0228 kcal/(mol*A)
xmin    90     -174.8964 kcal/mol        0.0398 kcal/(mol*A)
xmin   100     -174.8981 kcal/mol        0.1297 kcal/(mol*A)
xmin   110     -174.9001 kcal/mol        0.0971 kcal/(mol*A)
xmin   120     -174.9030 kcal/mol        0.0481 kcal/(mol*A)
xmin   130     -174.9051 kcal/mol        0.0326 kcal/(mol*A)
xmin   140     -174.9068 kcal/mol        0.0184 kcal/(mol*A)
xmin   150     -174.9074 kcal/mol        0.0595 kcal/(mol*A)
xmin   160     -174.9083 kcal/mol        0.0551 kcal/(mol*A)
xmin   170     -174.9093 kcal/mol        0.0069 kcal/(mol*A)
xmin   180     -174.9097 kcal/mol        0.0030 kcal/(mol*A)
xmin   190     -174.8669 kcal/mol        0.9041 kcal/(mol*A)
xmin   200     -174.9160 kcal/mol        0.0347 kcal/(mol*A)
xmin   210     -174.9169 kcal/mol        0.0126 kcal/(mol*A)
xmin   220     -174.9191 kcal/mol        0.0126 kcal/(mol*A)
xmin   230     -174.9214 kcal/mol        0.0150 kcal/(mol*A)
xmin   240     -174.9226 kcal/mol        0.0263 kcal/(mol*A)
xmin   250     -174.9235 kcal/mol        0.0106 kcal/(mol*A)
xmin   260     -174.9251 kcal/mol        0.0560 kcal/(mol*A)
xmin   270     -174.9272 kcal/mol        0.0262 kcal/(mol*A)
xmin   280     -174.9274 kcal/mol        0.0055 kcal/(mol*A)
xmin   290     -174.9275 kcal/mol        0.0032 kcal/(mol*A)
xmin   300     -174.9275 kcal/mol        0.0218 kcal/(mol*A)
xmin   310     -174.9276 kcal/mol        0.0089 kcal/(mol*A)
xmin   320     -174.9277 kcal/mol        0.0028 kcal/(mol*A)
xmin   330     -174.9277 kcal/mol        0.0051 kcal/(mol*A)
xmin   340     -174.9277 kcal/mol        0.0143 kcal/(mol*A)
xmin   350     -174.9278 kcal/mol        0.0011 kcal/(mol*A)
  ... geometry converged !
 
 Final MO eigenvalues (eV):
 -34.8304  -32.1182  -29.9293  -29.0312  -27.1595  -26.6703  -26.1586  -26.1424
 -24.6872  -22.5597  -21.7488  -20.9813  -17.2341  -16.2012  -15.0697  -12.8418
 -11.9651  -11.5088  -10.1250  -10.0273   -9.7066   -9.5369   -9.4061   -8.9088
  -8.4718   -8.3724   -8.0548   -7.6486   -7.5201   -7.2149   -7.1229   -6.9047
  -6.7010   -6.5284   -6.4867   -5.8295   -5.2748   -5.2001   -4.8438   -3.8738
  -3.6512   -3.5429   -3.5299   -3.5151   -3.5078   -3.3029   -2.5160   -0.6215
   5.7871    6.1436    7.8110    8.2680    8.4176    8.6096    8.8673    8.9008
   9.1181    9.3521    9.5307    9.6739    9.9271    9.9971   10.1213   10.2187
  10.4072   10.6083   10.6633   10.8952   10.9466   11.0835   11.2785   11.3319
  11.3767   11.4910   11.6890   11.9985   12.1043   12.1739   12.6632   12.9044
  13.1475   14.2598   15.0440   15.0617

 Heat of formation   =       -174.92775131 kcal/mol  (       -7.58543651 eV)

 Total SCF energy    =     -76560.63704075 kcal/mol  (    -3319.91834876 eV)
 Electronic energy   =    -442175.39979037 kcal/mol  (   -19174.16416419 eV)
 Core-core repulsion =     365614.76274962 kcal/mol  (    15854.24581543 eV)
 
    Atomic Charges for Step       1 :
  Atom    Element       Mulliken Charge
     1      C                 -0.062
     2      C                 -0.218
     3      C                 -0.009
     4      C                 -0.265
     5      C                  0.126
     6      C                 -0.068
     7      C                  0.094
     8      C                 -0.426
     9      C                 -0.489
    10      C                  0.332
    11      N                 -0.326
    12      O                 -1.144
    13      O                 -1.134
    14      O                 -1.137
    15      O                 -0.548
    16      P                  2.408
    17      C                 -0.156
    18      C                 -0.191
    19      H                  0.113
    20      H                  0.122
    21      H                  0.102
    22      H                  0.099
    23      H                  0.129
    24      H                  0.193
    25      H                  0.059
    26      H                  0.054
    27      H                  0.057
    28      H                  0.040
    29      H                  0.132
    30      H                  0.114
 Total Mulliken Charge =      -2.000
 
                  X        Y        Z     TOTAL  
  QM DIPOLE  -150.568  -38.505  -69.834  170.382
 
 Final Structure

  QMMM: QM Region Cartesian Coordinates (*=link atom) 
  QMMM: QM_NO.   MM_NO.  ATOM         X         Y         Z
  QMMM:     1        1      C       15.3418   -1.0860    9.1001
  QMMM:     2        2      C       16.4635   -0.3807    8.6796
  QMMM:     3        3      C       16.3884    0.9904    8.3742
  QMMM:     4        4      C       14.1365   -0.4112    9.2859
  QMMM:     5        5      C       14.0364    0.9715    9.0007
  QMMM:     6        6      C       15.1645    1.6678    8.4403
  QMMM:     7        7      C       14.9537    3.0594    8.0034
  QMMM:     8        8      C       15.6924    3.6361    7.0216
  QMMM:     9        9      C       13.8618    3.7487    8.6224
  QMMM:    10       10      C       12.8070    3.0815    9.2484
  QMMM:    11       11      N       12.8646    1.6465    9.2697
  QMMM:    12       12      O       18.4709    3.7880    5.6938
  QMMM:    13       13      O       17.9659    6.0501    6.7618
  QMMM:    14       14      O       16.7852    5.3675    4.6080
  QMMM:    15       15      O       11.7662    3.5645    9.7948
  QMMM:    16       16      P       17.6591    5.0238    5.7470
  QMMM:    17       17      C       15.4198   -2.5424    9.3657
  QMMM:    18       18      C       17.6645    1.6720    8.0458
  QMMM:    19       19      H       15.4602    4.6563    6.6901
  QMMM:    20       20      H       16.4475    3.0813    6.4560
  QMMM:    21       21      H       17.4289   -0.8963    8.5821
  QMMM:    22       22      H       13.2642   -0.9598    9.6662
  QMMM:    23       23      H       13.8075    4.8366    8.5402
  QMMM:    24       24      H       12.1388    1.1622    9.7411
  QMMM:    25       25      H       15.0264   -3.1141    8.4877
  QMMM:    26       26      H       14.8093   -2.8189   10.2606
  QMMM:    27       27      H       16.4749   -2.8640    9.5459
  QMMM:    28       28      H       18.5241    1.1464    8.5326
  QMMM:    29       29      H       17.8530    1.6912    6.9403
  QMMM:    30       30      H       17.6499    2.7326    8.4029

           --------- Calculation Completed ----------

