            --------------------------------------------------------
                             AMBER SQM VERSION 19
 
                                     By
              Ross C. Walker, Michael F. Crowley, Scott Brozell,
                         Tim Giese, Andreas W. Goetz,
                        Tai-Sung Lee and David A. Case
 
            --------------------------------------------------------
 

--------------------------------------------------------------------------------
  QM CALCULATION INFO
--------------------------------------------------------------------------------

| QMMM: Citation for AMBER QMMM Run:
| QMMM: R.C. Walker, M.F. Crowley and D.A. Case, J. COMP. CHEM. 29:1019, 2008

QMMM: SINGLET STATE CALCULATION
QMMM: RHF CALCULATION, NO. OF DOUBLY OCCUPIED LEVELS = 48

| QMMM: *** Selected Hamiltonian *** 
| QMMM: AM1         

| QMMM: *** Parameter sets in use ***
| QMMM: C : M.J.S.DEWAR et al. JACS, 107, 3902, (1985)
| QMMM: O : M.J.S.DEWAR et al. JACS, 107, 3902, (1985)
| QMMM: P : M.J.S.DEWAR et al. THEOCHEM, 187,1, (1989)
| QMMM: H : M.J.S.DEWAR et al. JACS, 107, 3902, (1985)

| QMMM: *** SCF convergence criteria ***
| QMMM: Energy change                :  0.1D-09 kcal/mol
| QMMM: Error matrix |FP-PF|         :  0.1D+00 au
| QMMM: Density matrix change        :  0.5D-06
| QMMM: Maximum number of SCF cycles :     1000

| QMMM: *** Diagonalization Routine Information ***
| QMMM: Pseudo diagonalizations are allowed.
| QMMM: Auto diagonalization routine selection is in use.
| QMMM:
| QMMM: Timing diagonalization routines:
| QMMM:                              norbs =       83
| QMMM:    diag iterations used for timing =       15
| QMMM:
| QMMM:              Internal diag routine = 0.023886 seconds
| QMMM:                 Dspev diag routine = 0.025889 seconds
| QMMM:                Dspevd diag routine = 0.013020 seconds
| QMMM:                Dspevx diag routine = 0.059163 seconds
| QMMM:                 Dsyev diag routine = 0.024781 seconds
| QMMM:                Dsyevd diag routine = 0.010593 seconds
| QMMM:                Dsyevr diag routine = 0.015379 seconds
| QMMM:
| QMMM:                Pseudo diag routine = 0.009069 seconds
| QMMM:
| QMMM: Using dsyevd routine (diag_routine=6).

  QMMM: QM Region Cartesian Coordinates (*=link atom) 
  QMMM: QM_NO.   MM_NO.  ATOM         X         Y         Z
  QMMM:     1        1      C       15.3590   -1.0030    9.0020
  QMMM:     2        2      C       16.5550   -0.3770    8.7260
  QMMM:     3        3      C       16.5540    0.9810    8.4700
  QMMM:     4        4      C       14.2000   -0.2480    9.0150
  QMMM:     5        5      C       14.2150    1.1420    8.7510
  QMMM:     6        6      C       15.3910    1.8330    8.4650
  QMMM:     7        7      C       15.2630    3.2500    8.2160
  QMMM:     8        8      C       16.3300    4.2960    7.8630
  QMMM:     9        9      C       13.9850    3.7940    8.2820
  QMMM:    10       10      C       12.8750    3.0230    8.5740
  QMMM:    11       11      O       13.0110    1.7370    8.7990
  QMMM:    12       12      O       17.3480    3.1590    5.5400
  QMMM:    13       13      O       17.3180    5.6220    5.6220
  QMMM:    14       14      O       15.2290    4.3560    5.3220
  QMMM:    15       15      O       11.8030    3.5240    8.6220
  QMMM:    16       16      P       16.5710    4.3660    6.0100
  QMMM:    17       17      C       15.2730   -2.4910    9.3010
  QMMM:    18       18      H       16.0390    5.1930    8.1960
  QMMM:    19       19      H       17.1950    4.0510    8.3020
  QMMM:    20       20      C       17.8690   -1.1370    8.6920
  QMMM:    21       21      H       13.3290   -0.6960    9.2160
  QMMM:    22       22      H       13.8650    4.7720    8.1130
  QMMM:    23       23      H       17.4360    1.4090    8.2720
  QMMM:    24       24      H       14.1600   -2.8990    9.1130
  QMMM:    25       25      H       15.5770   -2.6810   10.4460
  QMMM:    26       26      H       16.0320   -3.0870    8.5870
  QMMM:    27       27      H       18.8020   -0.3830    8.7500
  QMMM:    28       28      H       17.9330   -1.7690    7.6750
  QMMM:    29       29      H       17.9140   -1.8890    9.6260

--------------------------------------------------------------------------------
  RESULTS
--------------------------------------------------------------------------------

      iter         sqm energy              rms gradient
      ----    -------------------    -----------------------
xmin    10     -221.0079 kcal/mol        1.0548 kcal/(mol*A)
xmin    20     -222.5116 kcal/mol        0.9873 kcal/(mol*A)
xmin    30     -222.7500 kcal/mol        0.3925 kcal/(mol*A)
xmin    40     -222.9035 kcal/mol        0.2397 kcal/(mol*A)
xmin    50     -222.9248 kcal/mol        0.0596 kcal/(mol*A)
xmin    60     -222.9328 kcal/mol        0.0450 kcal/(mol*A)
xmin    70     -222.9353 kcal/mol        0.0674 kcal/(mol*A)
xmin    80     -222.9362 kcal/mol        0.0179 kcal/(mol*A)
xmin    90     -222.9367 kcal/mol        0.0063 kcal/(mol*A)
xmin   100     -222.9369 kcal/mol        0.0036 kcal/(mol*A)
xmin   110     -222.9370 kcal/mol        0.0044 kcal/(mol*A)
xmin   120     -222.9370 kcal/mol        0.0018 kcal/(mol*A)
xmin   130     -222.9370 kcal/mol        0.0007 kcal/(mol*A)
xmin   130     -222.9370 kcal/mol        0.0004 kcal/(mol*A)
  ... geometry converged !
 
 Final MO eigenvalues (eV):
 -35.1193  -33.0442  -30.2417  -29.7507  -27.1394  -26.6796  -26.4642  -26.0231
 -25.9784  -22.7879  -22.0486  -21.1090  -17.4865  -16.9577  -15.3315  -12.8978
 -11.9802  -11.6139  -10.4367   -9.8545   -9.7861   -9.6488   -9.5228   -9.3468
  -8.8309   -8.7249   -8.3559   -7.9152   -7.6367   -7.2726   -7.1673   -7.1020
  -6.9761   -6.7864   -6.1755   -6.1561   -5.7567   -5.4243   -5.0872   -4.0882
  -3.6282   -3.5219   -3.4171   -3.4093   -3.3810   -3.3792   -2.8763   -0.8796
   5.7061    6.1021    7.6664    8.2806    8.4715    8.7125    8.8453    8.9125
   9.1208    9.2658    9.3464    9.4216    9.5310    9.5757    9.6984   10.0489
  10.1689   10.3647   10.3931   10.6784   10.8284   11.0943   11.1652   11.2778
  11.3368   11.5089   11.7069   11.8694   12.0664   12.5520   12.7876   13.0774
  14.1165   15.1843   15.2196

 Heat of formation   =       -222.93697495 kcal/mol  (       -9.66727267 eV)

 Total SCF energy    =     -78862.13633074 kcal/mol  (    -3419.71884700 eV)
 Electronic energy   =    -445263.02712923 kcal/mol  (   -19308.05373268 eV)
 Core-core repulsion =     366400.89079849 kcal/mol  (    15888.33488567 eV)
 
    Atomic Charges for Step       1 :
  Atom    Element       Mulliken Charge
     1      C                 -0.076
     2      C                 -0.144
     3      C                 -0.074
     4      C                 -0.203
     5      C                  0.121
     6      C                 -0.089
     7      C                  0.116
     8      C                 -0.465
     9      C                 -0.508
    10      C                  0.345
    11      O                 -0.253
    12      O                 -1.150
    13      O                 -1.147
    14      O                 -1.136
    15      O                 -0.493
    16      P                  2.423
    17      C                 -0.156
    18      H                  0.121
    19      H                  0.122
    20      C                 -0.156
    21      H                  0.118
    22      H                  0.130
    23      H                  0.187
    24      H                  0.056
    25      H                  0.059
    26      H                  0.061
    27      H                  0.096
    28      H                  0.049
    29      H                  0.046
 Total Mulliken Charge =      -2.000
 
                  X        Y        Z     TOTAL  
  QM DIPOLE  -148.510  -34.955  -69.220  167.536
 
 Final Structure

  QMMM: QM Region Cartesian Coordinates (*=link atom) 
  QMMM: QM_NO.   MM_NO.  ATOM         X         Y         Z
  QMMM:     1        1      C       15.3273   -0.9740    9.1293
  QMMM:     2        2      C       16.4051   -0.2852    8.5488
  QMMM:     3        3      C       16.2713    1.0690    8.2227
  QMMM:     4        4      C       14.1217   -0.3111    9.3526
  QMMM:     5        5      C       13.9912    1.0480    9.0124
  QMMM:     6        6      C       15.0846    1.7648    8.4726
  QMMM:     7        7      C       14.9227    3.1935    8.1727
  QMMM:     8        8      C       15.9907    3.9754    7.8688
  QMMM:     9        9      C       13.5884    3.6826    8.2648
  QMMM:    10       10      C       12.5358    2.9388    8.7785
  QMMM:    11       11      O       12.7614    1.5996    9.2346
  QMMM:    12       12      O       18.3127    3.2276    6.1339
  QMMM:    13       13      O       18.0595    5.7221    6.6011
  QMMM:    14       14      O       16.7542    4.6559    4.6934
  QMMM:    15       15      O       11.3258    3.1921    8.9842
  QMMM:    16       16      P       17.6142    4.5089    5.8832
  QMMM:    17       17      C       15.4613   -2.4052    9.4893
  QMMM:    18       18      H       15.8740    5.0447    7.6590
  QMMM:    19       19      H       17.0171    3.6049    7.9795
  QMMM:    20       20      C       17.6821   -0.9831    8.2742
  QMMM:    21       21      H       13.2602   -0.8359    9.7853
  QMMM:    22       22      H       13.3779    4.7043    7.9365
  QMMM:    23       23      H       17.1170    1.5941    7.7362
  QMMM:    24       24      H       14.5428   -2.7859    9.9991
  QMMM:    25       25      H       16.3340   -2.5548   10.1737
  QMMM:    26       26      H       15.6361   -3.0211    8.5710
  QMMM:    27       27      H       18.3986   -0.3116    7.7393
  QMMM:    28       28      H       17.5061   -1.8895    7.6413
  QMMM:    29       29      H       18.1572   -1.3209    9.2300

           --------- Calculation Completed ----------

