            --------------------------------------------------------
                             AMBER SQM VERSION 19
 
                                     By
              Ross C. Walker, Michael F. Crowley, Scott Brozell,
                         Tim Giese, Andreas W. Goetz,
                        Tai-Sung Lee and David A. Case
 
            --------------------------------------------------------
 

--------------------------------------------------------------------------------
  QM CALCULATION INFO
--------------------------------------------------------------------------------

| QMMM: Citation for AMBER QMMM Run:
| QMMM: R.C. Walker, M.F. Crowley and D.A. Case, J. COMP. CHEM. 29:1019, 2008

QMMM: SINGLET STATE CALCULATION
QMMM: RHF CALCULATION, NO. OF DOUBLY OCCUPIED LEVELS = 39

| QMMM: *** Selected Hamiltonian *** 
| QMMM: AM1         

| QMMM: *** Parameter sets in use ***
| QMMM: C : M.J.S.DEWAR et al. JACS, 107, 3902, (1985)
| QMMM: N : M.J.S.DEWAR et al. JACS, 107, 3902, (1985)
| QMMM: O : M.J.S.DEWAR et al. JACS, 107, 3902, (1985)
| QMMM: P : M.J.S.DEWAR et al. THEOCHEM, 187,1, (1989)
| QMMM: H : M.J.S.DEWAR et al. JACS, 107, 3902, (1985)

| QMMM: *** SCF convergence criteria ***
| QMMM: Energy change                :  0.1D-09 kcal/mol
| QMMM: Error matrix |FP-PF|         :  0.1D+00 au
| QMMM: Density matrix change        :  0.5D-06
| QMMM: Maximum number of SCF cycles :     1000

| QMMM: *** Diagonalization Routine Information ***
| QMMM: Pseudo diagonalizations are allowed.
| QMMM: Auto diagonalization routine selection is in use.
| QMMM:
| QMMM: Timing diagonalization routines:
| QMMM:                              norbs =       68
| QMMM:    diag iterations used for timing =       15
| QMMM:
| QMMM:              Internal diag routine = 0.015129 seconds
| QMMM:                 Dspev diag routine = 0.016195 seconds
| QMMM:                Dspevd diag routine = 0.008332 seconds
| QMMM:                Dspevx diag routine = 0.042114 seconds
| QMMM:                 Dsyev diag routine = 0.015414 seconds
| QMMM:                Dsyevd diag routine = 0.007378 seconds
| QMMM:                Dsyevr diag routine = 0.010558 seconds
| QMMM:
| QMMM:                Pseudo diag routine = 0.004901 seconds
| QMMM:
| QMMM: Using dsyevd routine (diag_routine=6).

  QMMM: QM Region Cartesian Coordinates (*=link atom) 
  QMMM: QM_NO.   MM_NO.  ATOM         X         Y         Z
  QMMM:     1        1      C       15.3590   -1.0030    9.0020
  QMMM:     2        2      C       16.5550   -0.3770    8.7260
  QMMM:     3        3      N       16.5760    1.0100    8.4620
  QMMM:     4        4      C       14.2000   -0.2480    9.0150
  QMMM:     5        5      C       14.2150    1.1420    8.7510
  QMMM:     6        6      C       15.3910    1.8330    8.4650
  QMMM:     7        7      C       15.2630    3.2500    8.2160
  QMMM:     8        8      C       16.3300    4.2960    7.8630
  QMMM:     9        9      C       13.9850    3.7940    8.2820
  QMMM:    10       10      C       12.8750    3.0230    8.5740
  QMMM:    11       11      C       13.0110    1.7370    8.7990
  QMMM:    12       12      O       17.3480    3.1590    5.5400
  QMMM:    13       13      O       17.3180    5.6220    5.6220
  QMMM:    14       14      O       15.2290    4.3560    5.3220
  QMMM:    15       15      P       16.5710    4.3660    6.0100
  QMMM:    16       16      H       16.0390    5.1930    8.1960
  QMMM:    17       17      H       17.1950    4.0510    8.3020
  QMMM:    18       18      H       17.4090   -0.8970    8.7110
  QMMM:    19       19      H       13.3290   -0.6960    9.2160
  QMMM:    20       20      H       13.8650    4.7720    8.1130
  QMMM:    21       21      H       15.3300   -1.9840    9.1900
  QMMM:    22       22      H       11.9690    3.4450    8.6140
  QMMM:    23       23      H       12.1960    1.1950    9.0090

--------------------------------------------------------------------------------
  RESULTS
--------------------------------------------------------------------------------

      iter         sqm energy              rms gradient
      ----    -------------------    -----------------------
xmin    10     -103.7390 kcal/mol        4.4085 kcal/(mol*A)
xmin    20     -105.2744 kcal/mol        0.8288 kcal/(mol*A)
xmin    30     -105.4623 kcal/mol        0.1942 kcal/(mol*A)
xmin    40     -105.5012 kcal/mol        0.1996 kcal/(mol*A)
xmin    50     -105.5283 kcal/mol        0.2188 kcal/(mol*A)
xmin    60     -105.5448 kcal/mol        0.0461 kcal/(mol*A)
xmin    70     -105.5542 kcal/mol        0.0806 kcal/(mol*A)
xmin    80     -105.5570 kcal/mol        0.0370 kcal/(mol*A)
xmin    90     -105.5606 kcal/mol        0.0929 kcal/(mol*A)
xmin   100     -105.5751 kcal/mol        0.2646 kcal/(mol*A)
xmin   110     -105.5960 kcal/mol        0.1312 kcal/(mol*A)
xmin   120     -105.6114 kcal/mol        0.0734 kcal/(mol*A)
xmin   130     -105.6383 kcal/mol        0.0584 kcal/(mol*A)
xmin   140     -105.6704 kcal/mol        0.1216 kcal/(mol*A)
xmin   150     -105.6837 kcal/mol        0.0162 kcal/(mol*A)
xmin   160     -105.6962 kcal/mol        0.0531 kcal/(mol*A)
xmin   170     -105.7013 kcal/mol        0.0446 kcal/(mol*A)
xmin   180     -105.7035 kcal/mol        0.0159 kcal/(mol*A)
xmin   190     -105.7048 kcal/mol        0.0106 kcal/(mol*A)
xmin   200     -105.7040 kcal/mol        0.1080 kcal/(mol*A)
xmin   210     -105.7050 kcal/mol        0.0199 kcal/(mol*A)
  ... geometry converged !
 
 Final MO eigenvalues (eV):
 -33.7393  -30.3566  -27.7524  -26.5116  -25.9600  -25.9402  -24.9554  -24.3212
 -19.8915  -17.9534  -17.2555  -14.4860  -12.3715  -10.8990  -10.8337   -9.4588
  -8.9606   -8.7076   -8.0948   -8.0861   -7.3464   -7.1213   -6.9751   -6.9223
  -6.4455   -5.9825   -5.8011   -5.6581   -4.9644   -4.8193   -3.8542   -3.4501
  -3.3457   -3.3236   -3.3223   -3.2997   -3.2375   -3.0032   -0.1006    6.4913
   6.7185    8.1528    8.7784    9.6935    9.9415    9.9930   10.1850   10.3274
  10.3387   10.4701   10.7625   10.8450   11.0726   11.3577   11.5025   11.5347
  11.5686   11.7971   11.8270   11.9861   12.3477   12.5378   12.7075   12.7612
  13.0962   13.7262   15.2207   15.2624

 Heat of formation   =       -105.70499809 kcal/mol  (       -4.58371268 eV)

 Total SCF energy    =     -61968.57819375 kcal/mol  (    -2687.15919491 eV)
 Electronic energy   =    -312489.79528504 kcal/mol  (   -13550.57435866 eV)
 Core-core repulsion =     250521.21709128 kcal/mol  (    10863.41516375 eV)
 
    Atomic Charges for Step       1 :
  Atom    Element       Mulliken Charge
     1      C                 -0.156
     2      C                 -0.222
     3      N                 -0.093
     4      C                 -0.227
     5      C                  0.048
     6      C                 -0.073
     7      C                  0.059
     8      C                 -0.386
     9      C                 -0.276
    10      C                 -0.051
    11      C                 -0.394
    12      O                 -1.136
    13      O                 -1.132
    14      O                 -1.143
    15      P                  2.405
    16      H                  0.115
    17      H                  0.134
    18      H                  0.111
    19      H                  0.088
    20      H                  0.103
    21      H                  0.080
    22      H                  0.065
    23      H                  0.079
 Total Mulliken Charge =      -2.000
 
                  X        Y        Z     TOTAL  
  QM DIPOLE  -156.508  -34.901  -69.801  174.886
 
 Final Structure

  QMMM: QM Region Cartesian Coordinates (*=link atom) 
  QMMM: QM_NO.   MM_NO.  ATOM         X         Y         Z
  QMMM:     1        1      C       15.4334   -0.9468    9.4501
  QMMM:     2        2      C       16.4189   -0.2948    8.6814
  QMMM:     3        3      N       16.2441    0.9102    8.1139
  QMMM:     4        4      C       14.2174   -0.3206    9.6304
  QMMM:     5        5      C       13.9794    0.9570    9.0471
  QMMM:     6        6      C       15.0630    1.5461    8.2777
  QMMM:     7        7      C       14.8540    2.8686    7.6555
  QMMM:     8        8      C       15.7824    3.5112    6.9059
  QMMM:     9        9      C       13.5564    3.4751    7.8737
  QMMM:    10       10      C       12.5761    2.8762    8.6048
  QMMM:    11       11      C       12.7605    1.6141    9.2008
  QMMM:    12       12      O       18.3443    4.4291    5.3332
  QMMM:    13       13      O       18.2830    5.6606    7.5702
  QMMM:    14       14      O       16.6519    6.2942    5.7184
  QMMM:    15       15      P       17.6849    5.3794    6.2510
  QMMM:    16       16      H       15.5143    4.4625    6.4237
  QMMM:    17       17      H       16.7732    3.0955    6.6899
  QMMM:    18       18      H       17.4014   -0.7605    8.5140
  QMMM:    19       19      H       13.4204   -0.7891   10.2207
  QMMM:    20       20      H       13.3962    4.4636    7.4214
  QMMM:    21       21      H       15.6405   -1.9298    9.8900
  QMMM:    22       22      H       11.6067    3.3810    8.7433
  QMMM:    23       23      H       11.9556    1.1562    9.7829

           --------- Calculation Completed ----------

