            --------------------------------------------------------
                             AMBER SQM VERSION 19
 
                                     By
              Ross C. Walker, Michael F. Crowley, Scott Brozell,
                         Tim Giese, Andreas W. Goetz,
                        Tai-Sung Lee and David A. Case
 
            --------------------------------------------------------
 

--------------------------------------------------------------------------------
  QM CALCULATION INFO
--------------------------------------------------------------------------------

| QMMM: Citation for AMBER QMMM Run:
| QMMM: R.C. Walker, M.F. Crowley and D.A. Case, J. COMP. CHEM. 29:1019, 2008

QMMM: SINGLET STATE CALCULATION
QMMM: RHF CALCULATION, NO. OF DOUBLY OCCUPIED LEVELS = 48

| QMMM: *** Selected Hamiltonian *** 
| QMMM: AM1         

| QMMM: *** Parameter sets in use ***
| QMMM: C : M.J.S.DEWAR et al. JACS, 107, 3902, (1985)
| QMMM: O : M.J.S.DEWAR et al. JACS, 107, 3902, (1985)
| QMMM: P : M.J.S.DEWAR et al. THEOCHEM, 187,1, (1989)
| QMMM: F : M.J.S.DEWAR et al. THEOCHEM, 180, 1, (1988)
| QMMM: H : M.J.S.DEWAR et al. JACS, 107, 3902, (1985)

| QMMM: *** SCF convergence criteria ***
| QMMM: Energy change                :  0.1D-09 kcal/mol
| QMMM: Error matrix |FP-PF|         :  0.1D+00 au
| QMMM: Density matrix change        :  0.5D-06
| QMMM: Maximum number of SCF cycles :     1000

| QMMM: *** Diagonalization Routine Information ***
| QMMM: Pseudo diagonalizations are allowed.
| QMMM: Auto diagonalization routine selection is in use.
| QMMM:
| QMMM: Timing diagonalization routines:
| QMMM:                              norbs =       80
| QMMM:    diag iterations used for timing =       15
| QMMM:
| QMMM:              Internal diag routine = 0.018985 seconds
| QMMM:                 Dspev diag routine = 0.023742 seconds
| QMMM:                Dspevd diag routine = 0.011868 seconds
| QMMM:                Dspevx diag routine = 0.054481 seconds
| QMMM:                 Dsyev diag routine = 0.022626 seconds
| QMMM:                Dsyevd diag routine = 0.009701 seconds
| QMMM:                Dsyevr diag routine = 0.014204 seconds
| QMMM:
| QMMM:                Pseudo diag routine = 0.007757 seconds
| QMMM:
| QMMM: Using dsyevd routine (diag_routine=6).

  QMMM: QM Region Cartesian Coordinates (*=link atom) 
  QMMM: QM_NO.   MM_NO.  ATOM         X         Y         Z
  QMMM:     1        1      C       15.3590   -1.0030    9.0020
  QMMM:     2        2      C       16.5550   -0.3770    8.7260
  QMMM:     3        3      C       16.5540    0.9810    8.4700
  QMMM:     4        4      C       14.2000   -0.2480    9.0150
  QMMM:     5        5      C       14.2150    1.1420    8.7510
  QMMM:     6        6      C       15.3910    1.8330    8.4650
  QMMM:     7        7      C       15.2630    3.2500    8.2160
  QMMM:     8        8      C       16.3300    4.2960    7.8630
  QMMM:     9        9      C       13.9850    3.7940    8.2820
  QMMM:    10       10      C       12.8750    3.0230    8.5740
  QMMM:    11       11      O       13.0110    1.7370    8.7990
  QMMM:    12       12      O       17.3480    3.1590    5.5400
  QMMM:    13       13      O       17.3180    5.6220    5.6220
  QMMM:    14       14      O       15.2290    4.3560    5.3220
  QMMM:    15       15      O       11.8030    3.5240    8.6220
  QMMM:    16       16      P       16.5710    4.3660    6.0100
  QMMM:    17       17      C       15.3300   -2.4900    9.2880
  QMMM:    18       18      F       17.7350    1.5540    8.2070
  QMMM:    19       19      H       16.0390    5.1930    8.1960
  QMMM:    20       20      H       17.1950    4.0510    8.3020
  QMMM:    21       21      H       17.4090   -0.8970    8.7110
  QMMM:    22       22      H       13.3290   -0.6960    9.2160
  QMMM:    23       23      H       13.8650    4.7720    8.1130
  QMMM:    24       24      H       14.2100   -2.9140    9.2100
  QMMM:    25       25      H       15.7510   -2.6870   10.3950
  QMMM:    26       26      H       16.0220   -3.0650    8.4940

--------------------------------------------------------------------------------
  RESULTS
--------------------------------------------------------------------------------

      iter         sqm energy              rms gradient
      ----    -------------------    -----------------------
xmin    10     -254.9532 kcal/mol        1.1581 kcal/(mol*A)
xmin    20     -255.8231 kcal/mol        0.2267 kcal/(mol*A)
xmin    30     -256.0146 kcal/mol        0.3484 kcal/(mol*A)
xmin    40     -256.0441 kcal/mol        0.3385 kcal/(mol*A)
xmin    50     -256.0667 kcal/mol        0.2005 kcal/(mol*A)
xmin    60     -256.1073 kcal/mol        0.0822 kcal/(mol*A)
xmin    70     -256.2007 kcal/mol        0.7549 kcal/(mol*A)
xmin    80     -256.2740 kcal/mol        0.2093 kcal/(mol*A)
xmin    90     -256.3367 kcal/mol        0.3091 kcal/(mol*A)
xmin   100     -256.3571 kcal/mol        0.1093 kcal/(mol*A)
xmin   110     -256.3665 kcal/mol        0.1703 kcal/(mol*A)
xmin   120     -256.3742 kcal/mol        0.2019 kcal/(mol*A)
xmin   130     -256.3924 kcal/mol        0.0903 kcal/(mol*A)
xmin   140     -256.3939 kcal/mol        0.0223 kcal/(mol*A)
xmin   150     -256.3953 kcal/mol        0.0280 kcal/(mol*A)
xmin   160     -256.3956 kcal/mol        0.0184 kcal/(mol*A)
xmin   170     -256.3961 kcal/mol        0.0096 kcal/(mol*A)
xmin   180     -256.3963 kcal/mol        0.0052 kcal/(mol*A)
xmin   190     -256.3963 kcal/mol        0.0036 kcal/(mol*A)
xmin   200     -256.3963 kcal/mol        0.0222 kcal/(mol*A)
xmin   210     -256.3964 kcal/mol        0.0027 kcal/(mol*A)
xmin   220     -256.3964 kcal/mol        0.0019 kcal/(mol*A)
xmin   230     -256.3964 kcal/mol        0.0016 kcal/(mol*A)
xmin   240     -256.3964 kcal/mol        0.0011 kcal/(mol*A)
xmin   250     -256.3964 kcal/mol        0.0014 kcal/(mol*A)
xmin   260     -256.3964 kcal/mol        0.0038 kcal/(mol*A)
xmin   270     -256.3964 kcal/mol        0.0006 kcal/(mol*A)
xmin   280     -256.3965 kcal/mol        0.0023 kcal/(mol*A)
xmin   290     -256.3965 kcal/mol        0.0012 kcal/(mol*A)
xmin   300     -256.3965 kcal/mol        0.0011 kcal/(mol*A)
xmin   310     -256.3965 kcal/mol        0.0007 kcal/(mol*A)
  ... geometry converged !
 
 Final MO eigenvalues (eV):
 -44.0621  -35.1233  -32.8750  -30.2320  -29.7009  -26.9247  -26.6044  -26.1065
 -26.0926  -24.9234  -22.5368  -22.1166  -18.1838  -17.7069  -15.6028  -13.7579
 -12.5540  -12.2282  -11.2782  -10.9773  -10.3534  -10.0936   -9.9294   -9.8306
  -9.5863   -9.3008   -8.9979   -8.2415   -8.0164   -7.7138   -7.3152   -7.2002
  -7.0821   -7.0039   -6.6288   -6.3075   -5.9110   -5.4915   -5.4864   -4.1890
  -3.8165   -3.5941   -3.4903   -3.4710   -3.4619   -3.4458   -3.1947   -0.9559
   5.3099    5.6621    7.4968    7.9861    8.1648    8.3062    8.5901    8.6390
   8.8246    8.8981    9.1508    9.2701    9.4389    9.5668    9.8277   10.2284
  10.3147   10.4565   10.5122   10.6184   10.9929   11.0701   11.3072   11.4971
  11.7529   11.8791   12.3303   12.6848   12.9545   14.0577   15.0818   15.1030


 Heat of formation   =       -256.39646072 kcal/mol  (      -11.11818485 eV)

 Total SCF energy    =     -86134.82091650 kcal/mol  (    -3735.08611580 eV)
 Electronic energy   =    -451987.72276970 kcal/mol  (   -19599.65841766 eV)
 Core-core repulsion =     365852.90185320 kcal/mol  (    15864.57230186 eV)
 
    Atomic Charges for Step       1 :
  Atom    Element       Mulliken Charge
     1      C                 -0.053
     2      C                 -0.248
     3      C                  0.133
     4      C                 -0.223
     5      C                  0.153
     6      C                 -0.105
     7      C                  0.083
     8      C                 -0.400
     9      C                 -0.507
    10      C                  0.339
    11      O                 -0.253
    12      O                 -1.138
    13      O                 -1.136
    14      O                 -1.131
    15      O                 -0.491
    16      P                  2.401
    17      C                 -0.159
    18      F                 -0.091
    19      H                  0.132
    20      H                  0.127
    21      H                  0.119
    22      H                  0.125
    23      H                  0.137
    24      H                  0.063
    25      H                  0.062
    26      H                  0.062
 Total Mulliken Charge =      -2.000
 
                  X        Y        Z     TOTAL  
  QM DIPOLE  -149.887  -38.871  -69.198  169.604
 
 Final Structure

  QMMM: QM Region Cartesian Coordinates (*=link atom) 
  QMMM: QM_NO.   MM_NO.  ATOM         X         Y         Z
  QMMM:     1        1      C       15.2135   -1.1153    9.0509
  QMMM:     2        2      C       16.2725   -0.5222    8.3691
  QMMM:     3        3      C       16.2251    0.8464    8.0252
  QMMM:     4        4      C       14.0978   -0.3515    9.3800
  QMMM:     5        5      C       14.0479    1.0141    9.0345
  QMMM:     6        6      C       15.1210    1.6602    8.3644
  QMMM:     7        7      C       15.0055    3.0952    8.0760
  QMMM:     8        8      C       16.0189    3.8552    7.5922
  QMMM:     9        9      C       13.7302    3.6759    8.3736
  QMMM:    10       10      C       12.7037    3.0086    9.0100
  QMMM:    11       11      O       12.8959    1.6380    9.3994
  QMMM:    12       12      O       18.8203    4.7786    6.5622
  QMMM:    13       13      O       16.9773    6.4818    6.1133
  QMMM:    14       14      O       17.2704    4.4767    4.5600
  QMMM:    15       15      O       11.5488    3.3241    9.3794
  QMMM:    16       16      P       17.6189    5.1872    5.8054
  QMMM:    17       17      C       15.2804   -2.5470    9.4281
  QMMM:    18       18      F       17.2932    1.3316    7.3499
  QMMM:    19       19      H       15.8601    4.9341    7.4503
  QMMM:    20       20      H       17.0249    3.4664    7.4021
  QMMM:    21       21      H       17.1560   -1.1087    8.0863
  QMMM:    22       22      H       13.2417   -0.7942    9.9051
  QMMM:    23       23      H       13.5622    4.7206    8.0935
  QMMM:    24       24      H       14.2564   -2.9804    9.5403
  QMMM:    25       25      H       15.8169   -2.6616   10.4036
  QMMM:    26       26      H       15.8324   -3.1376    8.6561

           --------- Calculation Completed ----------

