            --------------------------------------------------------
                             AMBER SQM VERSION 19
 
                                     By
              Ross C. Walker, Michael F. Crowley, Scott Brozell,
                         Tim Giese, Andreas W. Goetz,
                        Tai-Sung Lee and David A. Case
 
            --------------------------------------------------------
 

--------------------------------------------------------------------------------
  QM CALCULATION INFO
--------------------------------------------------------------------------------

| QMMM: Citation for AMBER QMMM Run:
| QMMM: R.C. Walker, M.F. Crowley and D.A. Case, J. COMP. CHEM. 29:1019, 2008

QMMM: SINGLET STATE CALCULATION
QMMM: RHF CALCULATION, NO. OF DOUBLY OCCUPIED LEVELS = 39

| QMMM: *** Selected Hamiltonian *** 
| QMMM: AM1         

| QMMM: *** Parameter sets in use ***
| QMMM: C : M.J.S.DEWAR et al. JACS, 107, 3902, (1985)
| QMMM: N : M.J.S.DEWAR et al. JACS, 107, 3902, (1985)
| QMMM: O : M.J.S.DEWAR et al. JACS, 107, 3902, (1985)
| QMMM: P : M.J.S.DEWAR et al. THEOCHEM, 187,1, (1989)
| QMMM: H : M.J.S.DEWAR et al. JACS, 107, 3902, (1985)

| QMMM: *** SCF convergence criteria ***
| QMMM: Energy change                :  0.1D-09 kcal/mol
| QMMM: Error matrix |FP-PF|         :  0.1D+00 au
| QMMM: Density matrix change        :  0.5D-06
| QMMM: Maximum number of SCF cycles :     1000

| QMMM: *** Diagonalization Routine Information ***
| QMMM: Pseudo diagonalizations are allowed.
| QMMM: Auto diagonalization routine selection is in use.
| QMMM:
| QMMM: Timing diagonalization routines:
| QMMM:                              norbs =       68
| QMMM:    diag iterations used for timing =       15
| QMMM:
| QMMM:              Internal diag routine = 0.012036 seconds
| QMMM:                 Dspev diag routine = 0.017261 seconds
| QMMM:                Dspevd diag routine = 0.008358 seconds
| QMMM:                Dspevx diag routine = 0.040708 seconds
| QMMM:                 Dsyev diag routine = 0.017555 seconds
| QMMM:                Dsyevd diag routine = 0.007375 seconds
| QMMM:                Dsyevr diag routine = 0.017791 seconds
| QMMM:
| QMMM:                Pseudo diag routine = 0.019084 seconds
| QMMM: Pseudo diagonalization appears to be slower than regular
| QMMM: diagonalization. Setting pseudo_diag=0 for optimum performance.
| QMMM:
| QMMM: Using dsyevd routine (diag_routine=6).

  QMMM: QM Region Cartesian Coordinates (*=link atom) 
  QMMM: QM_NO.   MM_NO.  ATOM         X         Y         Z
  QMMM:     1        1      C       15.3590   -1.0030    9.0020
  QMMM:     2        2      C       16.5550   -0.3770    8.7260
  QMMM:     3        3      C       16.5540    0.9810    8.4700
  QMMM:     4        4      C       14.2000   -0.2480    9.0150
  QMMM:     5        5      C       14.2150    1.1420    8.7510
  QMMM:     6        6      C       15.3910    1.8330    8.4650
  QMMM:     7        7      C       15.2630    3.2500    8.2160
  QMMM:     8        8      C       16.3300    4.2960    7.8630
  QMMM:     9        9      C       13.9850    3.7940    8.2820
  QMMM:    10       10      C       12.8750    3.0230    8.5740
  QMMM:    11       11      N       13.0110    1.7370    8.7990
  QMMM:    12       12      O       17.3480    3.1590    5.5400
  QMMM:    13       13      O       17.3180    5.6220    5.6220
  QMMM:    14       14      O       15.2290    4.3560    5.3220
  QMMM:    15       15      P       16.5710    4.3660    6.0100
  QMMM:    16       16      H       16.0390    5.1930    8.1960
  QMMM:    17       17      H       17.1950    4.0510    8.3020
  QMMM:    18       18      H       17.4090   -0.8970    8.7110
  QMMM:    19       19      H       13.3290   -0.6960    9.2160
  QMMM:    20       20      H       13.8650    4.7720    8.1130
  QMMM:    21       21      H       15.3300   -1.9850    9.1900
  QMMM:    22       22      H       17.4360    1.4090    8.2720
  QMMM:    23       23      H       11.9690    3.4450    8.6140

--------------------------------------------------------------------------------
  RESULTS
--------------------------------------------------------------------------------

      iter         sqm energy              rms gradient
      ----    -------------------    -----------------------
xmin    10     -112.2946 kcal/mol        1.7303 kcal/(mol*A)
xmin    20     -113.3587 kcal/mol        0.8917 kcal/(mol*A)
xmin    30     -113.8156 kcal/mol        0.2116 kcal/(mol*A)
xmin    40     -113.8937 kcal/mol        0.2866 kcal/(mol*A)
xmin    50     -113.9599 kcal/mol        0.3183 kcal/(mol*A)
xmin    60     -113.9767 kcal/mol        0.0622 kcal/(mol*A)
xmin    70     -113.9851 kcal/mol        0.1106 kcal/(mol*A)
xmin    80     -113.9959 kcal/mol        0.0709 kcal/(mol*A)
xmin    90     -114.0073 kcal/mol        0.1043 kcal/(mol*A)
xmin   100     -114.0073 kcal/mol        0.0798 kcal/(mol*A)
xmin   110     -114.0099 kcal/mol        0.0332 kcal/(mol*A)
xmin   120     -114.0128 kcal/mol        0.0743 kcal/(mol*A)
xmin   130     -114.0134 kcal/mol        0.0340 kcal/(mol*A)
xmin   140     -114.0142 kcal/mol        0.0289 kcal/(mol*A)
xmin   150     -114.0148 kcal/mol        0.0308 kcal/(mol*A)
xmin   160     -114.0163 kcal/mol        0.0350 kcal/(mol*A)
xmin   170     -114.0167 kcal/mol        0.0174 kcal/(mol*A)
xmin   180     -114.0169 kcal/mol        0.0221 kcal/(mol*A)
xmin   190     -114.0169 kcal/mol        0.0077 kcal/(mol*A)
xmin   200     -114.0170 kcal/mol        0.0158 kcal/(mol*A)
xmin   210     -114.0171 kcal/mol        0.0086 kcal/(mol*A)
xmin   220     -114.0171 kcal/mol        0.0028 kcal/(mol*A)
xmin   230     -114.0172 kcal/mol        0.0072 kcal/(mol*A)
xmin   240     -114.0172 kcal/mol        0.0059 kcal/(mol*A)
xmin   250     -114.0172 kcal/mol        0.0074 kcal/(mol*A)
xmin   260     -114.0173 kcal/mol        0.0036 kcal/(mol*A)
xmin   270     -114.0173 kcal/mol        0.0008 kcal/(mol*A)
xmin   280     -113.5075 kcal/mol        1.4198 kcal/(mol*A)
xmin   290     -114.0143 kcal/mol        0.1886 kcal/(mol*A)
xmin   300     -113.2231 kcal/mol        4.0807 kcal/(mol*A)
xmin   310     -114.0093 kcal/mol        0.1375 kcal/(mol*A)
xmin   320     -114.0152 kcal/mol        0.1114 kcal/(mol*A)
xmin   330     -114.0161 kcal/mol        0.0257 kcal/(mol*A)
xmin   340     -114.0167 kcal/mol        0.0184 kcal/(mol*A)
xmin   350     -114.0167 kcal/mol        0.0207 kcal/(mol*A)
xmin   360     -114.0168 kcal/mol        0.0141 kcal/(mol*A)
xmin   370     -114.0169 kcal/mol        0.0158 kcal/(mol*A)
xmin   380     -114.0169 kcal/mol        0.0083 kcal/(mol*A)
xmin   390     -114.0170 kcal/mol        0.0090 kcal/(mol*A)
xmin   400     -114.0171 kcal/mol        0.0093 kcal/(mol*A)
xmin   410     -114.0171 kcal/mol        0.0058 kcal/(mol*A)
xmin   420     -114.0172 kcal/mol        0.0182 kcal/(mol*A)
xmin   430     -114.0173 kcal/mol        0.0038 kcal/(mol*A)
xmin   440     -114.0173 kcal/mol        0.0019 kcal/(mol*A)
xmin   450     -114.0173 kcal/mol        0.0038 kcal/(mol*A)
xmin   460     -114.0173 kcal/mol        0.0046 kcal/(mol*A)
xmin   470     -114.0173 kcal/mol        0.0020 kcal/(mol*A)
xmin   480     -114.0173 kcal/mol        0.0037 kcal/(mol*A)
xmin   490     -114.0173 kcal/mol        0.0037 kcal/(mol*A)
xmin   500     -114.0173 kcal/mol        0.0012 kcal/(mol*A)
  ... geometry converged !
 
 Final MO eigenvalues (eV):
 -33.6255  -30.3812  -27.9269  -26.4861  -25.9541  -25.9314  -24.2943  -24.0966
 -20.8647  -17.4518  -17.1893  -14.5169  -12.2751  -11.2941  -10.2009   -9.3874
  -9.0861   -8.6425   -7.9384   -7.8443   -7.6628   -7.0565   -6.9668   -6.8986
  -6.3621   -6.0081   -5.9266   -5.6606   -4.9503   -4.7574   -3.6325   -3.4549
  -3.3466   -3.3272   -3.3185   -3.3013   -3.0872   -2.8949   -0.3947    6.5158
   6.7471    8.1877    8.6875    9.7010    9.9893   10.1009   10.1875   10.3350
  10.3792   10.6459   10.8260   10.8722   11.0841   11.4042   11.5556   11.5917
  11.6837   11.7376   11.8666   11.9476   12.1056   12.1966   12.7252   12.8096
  13.0801   13.9831   15.2412   15.2700

 Heat of formation   =       -114.01728599 kcal/mol  (       -4.94416053 eV)

 Total SCF energy    =     -61976.89048165 kcal/mol  (    -2687.51964276 eV)
 Electronic energy   =    -314272.79950749 kcal/mol  (   -13627.89122360 eV)
 Core-core repulsion =     252295.90902584 kcal/mol  (    10940.37158084 eV)
 
    Atomic Charges for Step       1 :
  Atom    Element       Mulliken Charge
     1      C                 -0.115
     2      C                 -0.268
     3      C                 -0.057
     4      C                 -0.219
     5      C                  0.089
     6      C                 -0.154
     7      C                  0.082
     8      C                 -0.464
     9      C                 -0.338
    10      C                 -0.029
    11      N                 -0.353
    12      O                 -1.143
    13      O                 -1.146
    14      O                 -1.135
    15      P                  2.417
    16      H                  0.120
    17      H                  0.124
    18      H                  0.090
    19      H                  0.098
    20      H                  0.107
    21      H                  0.073
    22      H                  0.134
    23      H                  0.085
 Total Mulliken Charge =      -2.000
 
                  X        Y        Z     TOTAL  
  QM DIPOLE  -153.097  -32.832  -67.903  170.668
 
 Final Structure

  QMMM: QM Region Cartesian Coordinates (*=link atom) 
  QMMM: QM_NO.   MM_NO.  ATOM         X         Y         Z
  QMMM:     1        1      C       15.3035   -1.0337    9.1584
  QMMM:     2        2      C       16.3908   -0.3869    8.5590
  QMMM:     3        3      C       16.2843    0.9570    8.2203
  QMMM:     4        4      C       14.1297   -0.3578    9.4082
  QMMM:     5        5      C       13.9815    1.0274    9.0664
  QMMM:     6        6      C       15.1183    1.6871    8.4674
  QMMM:     7        7      C       15.0193    3.1085    8.1370
  QMMM:     8        8      C       16.0478    3.8556    7.6613
  QMMM:     9        9      C       13.7248    3.7009    8.3860
  QMMM:    10       10      C       12.7163    2.9566    8.9491
  QMMM:    11       11      N       12.7924    1.6513    9.3152
  QMMM:    12       12      O       18.5990    4.1379    5.9628
  QMMM:    13       13      O       17.2604    6.2948    6.2115
  QMMM:    14       14      O       16.5899    4.5816    4.4509
  QMMM:    15       15      P       17.4084    4.9459    5.6234
  QMMM:    16       16      H       15.9143    4.9353    7.5118
  QMMM:    17       17      H       17.0570    3.4514    7.5262
  QMMM:    18       18      H       17.3163   -0.9376    8.3548
  QMMM:    19       19      H       13.2826   -0.8802    9.8730
  QMMM:    20       20      H       13.5766    4.7507    8.1131
  QMMM:    21       21      H       15.3905   -2.0965    9.4288
  QMMM:    22       22      H       17.1417    1.4563    7.7398
  QMMM:    23       23      H       11.7305    3.4174    9.1467

           --------- Calculation Completed ----------

