            --------------------------------------------------------
                             AMBER SQM VERSION 19
 
                                     By
              Ross C. Walker, Michael F. Crowley, Scott Brozell,
                         Tim Giese, Andreas W. Goetz,
                        Tai-Sung Lee and David A. Case
 
            --------------------------------------------------------
 

--------------------------------------------------------------------------------
  QM CALCULATION INFO
--------------------------------------------------------------------------------

| QMMM: Citation for AMBER QMMM Run:
| QMMM: R.C. Walker, M.F. Crowley and D.A. Case, J. COMP. CHEM. 29:1019, 2008

QMMM: SINGLET STATE CALCULATION
QMMM: RHF CALCULATION, NO. OF DOUBLY OCCUPIED LEVELS = 45

| QMMM: *** Selected Hamiltonian *** 
| QMMM: AM1         

| QMMM: *** Parameter sets in use ***
| QMMM: C : M.J.S.DEWAR et al. JACS, 107, 3902, (1985)
| QMMM: O : M.J.S.DEWAR et al. JACS, 107, 3902, (1985)
| QMMM: P : M.J.S.DEWAR et al. THEOCHEM, 187,1, (1989)
| QMMM: H : M.J.S.DEWAR et al. JACS, 107, 3902, (1985)

| QMMM: *** SCF convergence criteria ***
| QMMM: Energy change                :  0.1D-09 kcal/mol
| QMMM: Error matrix |FP-PF|         :  0.1D+00 au
| QMMM: Density matrix change        :  0.5D-06
| QMMM: Maximum number of SCF cycles :     1000

| QMMM: *** Diagonalization Routine Information ***
| QMMM: Pseudo diagonalizations are allowed.
| QMMM: Auto diagonalization routine selection is in use.
| QMMM:
| QMMM: Timing diagonalization routines:
| QMMM:                              norbs =       77
| QMMM:    diag iterations used for timing =       15
| QMMM:
| QMMM:              Internal diag routine = 0.021609 seconds
| QMMM:                 Dspev diag routine = 0.021445 seconds
| QMMM:                Dspevd diag routine = 0.011114 seconds
| QMMM:                Dspevx diag routine = 0.052319 seconds
| QMMM:                 Dsyev diag routine = 0.020628 seconds
| QMMM:                Dsyevd diag routine = 0.009402 seconds
| QMMM:                Dsyevr diag routine = 0.013318 seconds
| QMMM:
| QMMM:                Pseudo diag routine = 0.007119 seconds
| QMMM:
| QMMM: Using dsyevd routine (diag_routine=6).

  QMMM: QM Region Cartesian Coordinates (*=link atom) 
  QMMM: QM_NO.   MM_NO.  ATOM         X         Y         Z
  QMMM:     1        1      C       15.3590   -1.0030    9.0020
  QMMM:     2        2      C       16.5550   -0.3770    8.7260
  QMMM:     3        3      C       16.5540    0.9810    8.4700
  QMMM:     4        4      C       14.2000   -0.2480    9.0150
  QMMM:     5        5      C       14.2150    1.1420    8.7510
  QMMM:     6        6      C       15.3910    1.8330    8.4650
  QMMM:     7        7      C       15.2630    3.2500    8.2160
  QMMM:     8        8      C       16.3300    4.2960    7.8630
  QMMM:     9        9      C       13.9850    3.7940    8.2820
  QMMM:    10       10      C       12.8750    3.0230    8.5740
  QMMM:    11       11      O       13.0110    1.7370    8.7990
  QMMM:    12       12      O       17.3480    3.1590    5.5400
  QMMM:    13       13      O       17.3180    5.6220    5.6220
  QMMM:    14       14      O       15.2290    4.3560    5.3220
  QMMM:    15       15      O       11.8030    3.5240    8.6220
  QMMM:    16       16      P       16.5710    4.3660    6.0100
  QMMM:    17       17      C       15.2700   -2.3110    9.2620
  QMMM:    18       18      H       16.0390    5.1930    8.1960
  QMMM:    19       19      H       17.1950    4.0510    8.3020
  QMMM:    20       20      H       17.4090   -0.8970    8.7110
  QMMM:    21       21      H       13.3290   -0.6960    9.2160
  QMMM:    22       22      H       13.8650    4.7720    8.1130
  QMMM:    23       23      H       17.4360    1.4090    8.2720
  QMMM:    24       24      H       14.1400   -2.7160    9.3140
  QMMM:    25       25      H       15.8020   -2.5300   10.3150
  QMMM:    26       26      H       15.8440   -2.9300    8.4080

--------------------------------------------------------------------------------
  RESULTS
--------------------------------------------------------------------------------

      iter         sqm energy              rms gradient
      ----    -------------------    -----------------------
xmin    10     -214.1662 kcal/mol        1.8145 kcal/(mol*A)
xmin    20     -215.8061 kcal/mol        1.2771 kcal/(mol*A)
xmin    30     -215.9653 kcal/mol        0.1879 kcal/(mol*A)
xmin    40     -216.0220 kcal/mol        0.2446 kcal/(mol*A)
xmin    50     -216.0416 kcal/mol        0.0909 kcal/(mol*A)
xmin    60     -216.0422 kcal/mol        0.0091 kcal/(mol*A)
xmin    70     -216.0422 kcal/mol        0.0106 kcal/(mol*A)
xmin    80     -216.0423 kcal/mol        0.0043 kcal/(mol*A)
xmin    90     -216.0423 kcal/mol        0.0041 kcal/(mol*A)
xmin   100     -216.0423 kcal/mol        0.0032 kcal/(mol*A)
xmin   110     -216.0423 kcal/mol        0.0019 kcal/(mol*A)
  ... geometry converged !
 
 Final MO eigenvalues (eV):
 -34.9909  -32.7073  -30.0558  -29.7313  -26.7234  -26.4852  -26.0101  -25.9651
 -24.8899  -22.2768  -21.7897  -17.7852  -17.3509  -15.3101  -13.1419  -12.2148
 -11.3665  -10.1742   -9.9113   -9.7176   -9.5930   -9.4678   -9.2783   -8.6879
  -8.2268   -7.6639   -7.4394   -7.3078   -7.0913   -6.9637   -6.7540   -6.2552
  -6.1363   -5.7558   -5.4252   -5.1268   -4.0799   -3.7029   -3.5076   -3.4024
  -3.3961   -3.3671   -3.3655   -2.9140   -0.8700    5.7111    6.1841    7.6899
   8.3230    8.4482    8.7127    8.8924    8.9412    9.2458    9.4414    9.5393
   9.6387    9.9463   10.1639   10.3630   10.3835   10.6586   10.8462   11.1019
  11.1630   11.2806   11.3420   11.5203   11.7170   11.8798   12.0752   12.5616
  12.7976   13.0876   14.1260   15.1974   15.2322

 Heat of formation   =       -216.04233439 kcal/mol  (       -9.36829862 eV)

 Total SCF energy    =     -75268.38865865 kcal/mol  (    -3263.88225396 eV)
 Electronic energy   =    -401718.87232557 kcal/mol  (   -17419.83748864 eV)
 Core-core repulsion =     326450.48366692 kcal/mol  (    14155.95523468 eV)
 
    Atomic Charges for Step       1 :
  Atom    Element       Mulliken Charge
     1      C                 -0.084
     2      C                 -0.196
     3      C                 -0.080
     4      C                 -0.203
     5      C                  0.120
     6      C                 -0.089
     7      C                  0.115
     8      C                 -0.464
     9      C                 -0.508
    10      C                  0.345
    11      O                 -0.254
    12      O                 -1.149
    13      O                 -1.147
    14      O                 -1.136
    15      O                 -0.493
    16      P                  2.422
    17      C                 -0.156
    18      H                  0.121
    19      H                  0.122
    20      H                  0.106
    21      H                  0.117
    22      H                  0.130
    23      H                  0.185
    24      H                  0.058
    25      H                  0.057
    26      H                  0.059
 Total Mulliken Charge =      -2.000
 
                  X        Y        Z     TOTAL  
  QM DIPOLE  -147.945  -35.738  -68.675  166.977
 
 Final Structure

  QMMM: QM Region Cartesian Coordinates (*=link atom) 
  QMMM: QM_NO.   MM_NO.  ATOM         X         Y         Z
  QMMM:     1        1      C       15.2992   -0.9401    9.0297
  QMMM:     2        2      C       16.3444   -0.2604    8.3949
  QMMM:     3        3      C       16.2305    1.0950    8.0922
  QMMM:     4        4      C       14.1231   -0.2584    9.3388
  QMMM:     5        5      C       14.0044    1.1093    9.0258
  QMMM:     6        6      C       15.0757    1.8127    8.4264
  QMMM:     7        7      C       14.9249    3.2483    8.1572
  QMMM:     8        8      C       15.9863    4.0120    7.7906
  QMMM:     9        9      C       13.6113    3.7645    8.3472
  QMMM:    10       10      C       12.5787    3.0345    8.9179
  QMMM:    11       11      O       12.8037    1.6830    9.3355
  QMMM:    12       12      O       18.1752    3.2629    5.8878
  QMMM:    13       13      O       17.9853    5.7526    6.4078
  QMMM:    14       14      O       16.5382    4.7303    4.5800
  QMMM:    15       15      O       11.3910    3.3101    9.2082
  QMMM:    16       16      P       17.4767    4.5554    5.7051
  QMMM:    17       17      C       15.4426   -2.3749    9.3701
  QMMM:    18       18      H       15.8789    5.0869    7.6060
  QMMM:    19       19      H       17.0094    3.6175    7.8216
  QMMM:    20       20      H       17.2616   -0.8008    8.1246
  QMMM:    21       21      H       13.2787   -0.7715    9.8160
  QMMM:    22       22      H       13.4025    4.7960    8.0498
  QMMM:    23       23      H       17.0565    1.6055    7.5603
  QMMM:    24       24      H       14.4452   -2.8597    9.5089
  QMMM:    25       25      H       16.0208   -2.4894   10.3216
  QMMM:    26       26      H       15.9915   -2.9212    8.5637

           --------- Calculation Completed ----------

