            --------------------------------------------------------
                             AMBER SQM VERSION 19
 
                                     By
              Ross C. Walker, Michael F. Crowley, Scott Brozell,
                         Tim Giese, Andreas W. Goetz,
                        Tai-Sung Lee and David A. Case
 
            --------------------------------------------------------
 

--------------------------------------------------------------------------------
  QM CALCULATION INFO
--------------------------------------------------------------------------------

| QMMM: Citation for AMBER QMMM Run:
| QMMM: R.C. Walker, M.F. Crowley and D.A. Case, J. COMP. CHEM. 29:1019, 2008

QMMM: SINGLET STATE CALCULATION
QMMM: RHF CALCULATION, NO. OF DOUBLY OCCUPIED LEVELS = 48

| QMMM: *** Selected Hamiltonian *** 
| QMMM: AM1         

| QMMM: *** Parameter sets in use ***
| QMMM: C : M.J.S.DEWAR et al. JACS, 107, 3902, (1985)
| QMMM: O : M.J.S.DEWAR et al. JACS, 107, 3902, (1985)
| QMMM: P : M.J.S.DEWAR et al. THEOCHEM, 187,1, (1989)
| QMMM: H : M.J.S.DEWAR et al. JACS, 107, 3902, (1985)

| QMMM: *** SCF convergence criteria ***
| QMMM: Energy change                :  0.1D-09 kcal/mol
| QMMM: Error matrix |FP-PF|         :  0.1D+00 au
| QMMM: Density matrix change        :  0.5D-06
| QMMM: Maximum number of SCF cycles :     1000

| QMMM: *** Diagonalization Routine Information ***
| QMMM: Pseudo diagonalizations are allowed.
| QMMM: Auto diagonalization routine selection is in use.
| QMMM:
| QMMM: Timing diagonalization routines:
| QMMM:                              norbs =       81
| QMMM:    diag iterations used for timing =       15
| QMMM:
| QMMM:              Internal diag routine = 0.023212 seconds
| QMMM:                 Dspev diag routine = 0.025658 seconds
| QMMM:                Dspevd diag routine = 0.012288 seconds
| QMMM:                Dspevx diag routine = 0.055457 seconds
| QMMM:                 Dsyev diag routine = 0.023944 seconds
| QMMM:                Dsyevd diag routine = 0.010005 seconds
| QMMM:                Dsyevr diag routine = 0.014686 seconds
| QMMM:
| QMMM:                Pseudo diag routine = 0.008330 seconds
| QMMM:
| QMMM: Using dsyevd routine (diag_routine=6).

  QMMM: QM Region Cartesian Coordinates (*=link atom) 
  QMMM: QM_NO.   MM_NO.  ATOM         X         Y         Z
  QMMM:     1        1      C       15.3590   -1.0030    9.0020
  QMMM:     2        2      C       16.5550   -0.3770    8.7260
  QMMM:     3        3      C       16.5540    0.9810    8.4700
  QMMM:     4        4      C       14.2000   -0.2480    9.0150
  QMMM:     5        5      C       14.2150    1.1420    8.7510
  QMMM:     6        6      C       15.3910    1.8330    8.4650
  QMMM:     7        7      C       15.2630    3.2500    8.2160
  QMMM:     8        8      C       16.3300    4.2960    7.8630
  QMMM:     9        9      C       13.9850    3.7940    8.2820
  QMMM:    10       10      C       12.8750    3.0230    8.5740
  QMMM:    11       11      O       13.0110    1.7370    8.7990
  QMMM:    12       12      O       17.3480    3.1590    5.5400
  QMMM:    13       13      O       17.3180    5.6220    5.6220
  QMMM:    14       14      O       15.2290    4.3560    5.3220
  QMMM:    15       15      O       11.8030    3.5240    8.6220
  QMMM:    16       16      P       16.5710    4.3660    6.0100
  QMMM:    17       17      O       15.2700   -2.3110    9.2620
  QMMM:    18       18      H       16.0390    5.1930    8.1960
  QMMM:    19       19      H       17.1950    4.0510    8.3020
  QMMM:    20       20      H       17.4090   -0.8970    8.7110
  QMMM:    21       21      H       13.3290   -0.6960    9.2160
  QMMM:    22       22      H       13.8650    4.7720    8.1130
  QMMM:    23       23      C       16.4400   -3.1350    9.0860
  QMMM:    24       24      H       17.4360    1.4090    8.2720
  QMMM:    25       25      H       17.2920   -2.8060    9.8640
  QMMM:    26       26      H       16.8540   -3.0300    7.9640
  QMMM:    27       27      H       16.1460   -4.2810    9.2920

--------------------------------------------------------------------------------
  RESULTS
--------------------------------------------------------------------------------

      iter         sqm energy              rms gradient
      ----    -------------------    -----------------------
xmin    10     -245.9385 kcal/mol        2.5766 kcal/(mol*A)
xmin    20     -247.2108 kcal/mol        1.2922 kcal/(mol*A)
xmin    30     -247.6816 kcal/mol        0.2911 kcal/(mol*A)
xmin    40     -247.7085 kcal/mol        0.1550 kcal/(mol*A)
xmin    50     -247.7120 kcal/mol        0.0356 kcal/(mol*A)
xmin    60     -247.7123 kcal/mol        0.0240 kcal/(mol*A)
xmin    70     -247.7124 kcal/mol        0.0162 kcal/(mol*A)
xmin    80     -247.7125 kcal/mol        0.0048 kcal/(mol*A)
xmin    90     -247.7125 kcal/mol        0.0023 kcal/(mol*A)
xmin   100     -247.7126 kcal/mol        0.0045 kcal/(mol*A)
  ... geometry converged !
 
 Final MO eigenvalues (eV):
 -35.4767  -34.3274  -31.8913  -29.9658  -29.0531  -26.5819  -26.0503  -26.0060
 -25.5980  -24.0837  -22.9329  -22.0905  -18.0838  -17.8209  -15.4552  -14.2406
 -12.8581  -12.1744  -11.9506  -11.3900  -10.5219  -10.0245   -9.8900   -9.3897
  -8.9227   -8.8519   -8.6528   -8.2059   -7.8852   -7.6363   -7.1403   -7.0269
  -6.9837   -6.8219   -6.3105   -6.2067   -5.8047   -5.4754   -5.0173   -4.1515
  -3.7540   -3.5479   -3.4439   -3.4355   -3.4067   -3.4045   -2.9295   -0.9268
   5.7649    6.0489    7.1672    7.6667    8.0585    8.2135    8.2633    8.3590
   8.7390    9.2410    9.3836    9.4928    9.5858    9.8751   10.0986   10.3466
  10.3826   10.6540   10.8890   10.9860   11.0928   11.2076   11.4120   11.4874
  11.6665   11.8295   12.0076   12.5127   12.7509   13.0206   14.0677   15.1604
  15.1961

 Heat of formation   =       -247.71255474 kcal/mol  (      -10.74162242 eV)

 Total SCF energy    =     -82649.18890972 kcal/mol  (    -3583.93776982 eV)
 Electronic energy   =    -446678.28491706 kcal/mol  (   -19369.42391557 eV)
 Core-core repulsion =     364029.09600734 kcal/mol  (    15785.48614576 eV)
 
    Atomic Charges for Step       1 :
  Atom    Element       Mulliken Charge
     1      C                  0.064
     2      C                 -0.261
     3      C                 -0.053
     4      C                 -0.231
     5      C                  0.147
     6      C                 -0.114
     7      C                  0.120
     8      C                 -0.467
     9      C                 -0.507
    10      C                  0.346
    11      O                 -0.251
    12      O                 -1.150
    13      O                 -1.147
    14      O                 -1.136
    15      O                 -0.489
    16      P                  2.424
    17      O                 -0.235
    18      H                  0.120
    19      H                  0.122
    20      H                  0.116
    21      H                  0.135
    22      H                  0.131
    23      C                 -0.064
    24      H                  0.191
    25      H                  0.058
    26      H                  0.069
    27      H                  0.066
 Total Mulliken Charge =      -2.000
 
                  X        Y        Z     TOTAL  
  QM DIPOLE  -147.199  -34.385  -69.522  166.382
 
 Final Structure

  QMMM: QM Region Cartesian Coordinates (*=link atom) 
  QMMM: QM_NO.   MM_NO.  ATOM         X         Y         Z
  QMMM:     1        1      C       15.3799   -0.9285    9.1249
  QMMM:     2        2      C       16.4305   -0.2533    8.4972
  QMMM:     3        3      C       16.2756    1.0940    8.1669
  QMMM:     4        4      C       14.1690   -0.2891    9.4065
  QMMM:     5        5      C       14.0300    1.0685    9.0610
  QMMM:     6        6      C       15.0980    1.7851    8.4665
  QMMM:     7        7      C       14.9171    3.2101    8.1619
  QMMM:     8        8      C       15.9677    3.9934    7.8053
  QMMM:     9        9      C       13.5861    3.6963    8.3055
  QMMM:    10       10      C       12.5597    2.9551    8.8714
  QMMM:    11       11      O       12.8121    1.6195    9.3313
  QMMM:    12       12      O       18.1719    3.1880    5.9643
  QMMM:    13       13      O       17.9897    5.6927    6.4097
  QMMM:    14       14      O       16.5683    4.6282    4.5859
  QMMM:    15       15      O       11.3589    3.2027    9.1280
  QMMM:    16       16      P       17.4858    4.4795    5.7318
  QMMM:    17       17      O       15.4428   -2.2639    9.5251
  QMMM:    18       18      H       15.8380    5.0595    7.5881
  QMMM:    19       19      H       16.9999    3.6297    7.8798
  QMMM:    20       20      H       17.3706   -0.7611    8.2511
  QMMM:    21       21      H       13.3404   -0.8274    9.8794
  QMMM:    22       22      H       13.3581    4.7138    7.9758
  QMMM:    23       23      C       16.5550   -2.9914    9.0335
  QMMM:    24       24      H       17.0982    1.6143    7.6373
  QMMM:    25       25      H       17.5037   -2.6192    9.4933
  QMMM:    26       26      H       16.6196   -2.9279    7.9198
  QMMM:    27       27      H       16.3552   -4.0446    9.3557

           --------- Calculation Completed ----------

