            --------------------------------------------------------
                             AMBER SQM VERSION 19
 
                                     By
              Ross C. Walker, Michael F. Crowley, Scott Brozell,
                         Tim Giese, Andreas W. Goetz,
                        Tai-Sung Lee and David A. Case
 
            --------------------------------------------------------
 

--------------------------------------------------------------------------------
  QM CALCULATION INFO
--------------------------------------------------------------------------------

| QMMM: Citation for AMBER QMMM Run:
| QMMM: R.C. Walker, M.F. Crowley and D.A. Case, J. COMP. CHEM. 29:1019, 2008

QMMM: SINGLET STATE CALCULATION
QMMM: RHF CALCULATION, NO. OF DOUBLY OCCUPIED LEVELS = 48

| QMMM: *** Selected Hamiltonian *** 
| QMMM: AM1         

| QMMM: *** Parameter sets in use ***
| QMMM: C : M.J.S.DEWAR et al. JACS, 107, 3902, (1985)
| QMMM: O : M.J.S.DEWAR et al. JACS, 107, 3902, (1985)
| QMMM: P : M.J.S.DEWAR et al. THEOCHEM, 187,1, (1989)
| QMMM: F : M.J.S.DEWAR et al. THEOCHEM, 180, 1, (1988)
| QMMM: H : M.J.S.DEWAR et al. JACS, 107, 3902, (1985)

| QMMM: *** SCF convergence criteria ***
| QMMM: Energy change                :  0.1D-09 kcal/mol
| QMMM: Error matrix |FP-PF|         :  0.1D+00 au
| QMMM: Density matrix change        :  0.5D-06
| QMMM: Maximum number of SCF cycles :     1000

| QMMM: *** Diagonalization Routine Information ***
| QMMM: Pseudo diagonalizations are allowed.
| QMMM: Auto diagonalization routine selection is in use.
| QMMM:
| QMMM: Timing diagonalization routines:
| QMMM:                              norbs =       77
| QMMM:    diag iterations used for timing =       15
| QMMM:
| QMMM:              Internal diag routine = 0.023938 seconds
| QMMM:                 Dspev diag routine = 0.021574 seconds
| QMMM:                Dspevd diag routine = 0.010915 seconds
| QMMM:                Dspevx diag routine = 0.051759 seconds
| QMMM:                 Dsyev diag routine = 0.020564 seconds
| QMMM:                Dsyevd diag routine = 0.009468 seconds
| QMMM:                Dsyevr diag routine = 0.013263 seconds
| QMMM:
| QMMM:                Pseudo diag routine = 0.006647 seconds
| QMMM:
| QMMM: Using dsyevd routine (diag_routine=6).

  QMMM: QM Region Cartesian Coordinates (*=link atom) 
  QMMM: QM_NO.   MM_NO.  ATOM         X         Y         Z
  QMMM:     1        1      C       15.3590   -1.0030    9.0020
  QMMM:     2        2      C       16.5550   -0.3770    8.7260
  QMMM:     3        3      C       16.5540    0.9810    8.4700
  QMMM:     4        4      C       14.2000   -0.2480    9.0150
  QMMM:     5        5      C       14.2150    1.1420    8.7510
  QMMM:     6        6      C       15.3910    1.8330    8.4650
  QMMM:     7        7      C       15.2630    3.2500    8.2160
  QMMM:     8        8      C       16.3300    4.2960    7.8630
  QMMM:     9        9      C       13.9850    3.7940    8.2820
  QMMM:    10       10      C       12.8750    3.0230    8.5740
  QMMM:    11       11      O       13.0110    1.7370    8.7990
  QMMM:    12       12      O       17.3480    3.1590    5.5400
  QMMM:    13       13      O       17.3180    5.6220    5.6220
  QMMM:    14       14      O       15.2290    4.3560    5.3220
  QMMM:    15       15      O       11.8030    3.5240    8.6220
  QMMM:    16       16      P       16.5710    4.3660    6.0100
  QMMM:    17       17      F       15.3250   -2.3140    9.2550
  QMMM:    18       18      F       17.7280    1.5620    8.2070
  QMMM:    19       19      H       16.0390    5.1930    8.1960
  QMMM:    20       20      H       17.1950    4.0510    8.3020
  QMMM:    21       21      H       17.4090   -0.8970    8.7110
  QMMM:    22       22      H       13.3290   -0.6960    9.2160
  QMMM:    23       23      H       13.8650    4.7720    8.1130

--------------------------------------------------------------------------------
  RESULTS
--------------------------------------------------------------------------------

      iter         sqm energy              rms gradient
      ----    -------------------    -----------------------
xmin    10     -296.6138 kcal/mol        1.6852 kcal/(mol*A)
xmin    20     -297.3760 kcal/mol        0.1291 kcal/(mol*A)
xmin    30     -297.4596 kcal/mol        0.3070 kcal/(mol*A)
xmin    40     -297.4937 kcal/mol        0.0834 kcal/(mol*A)
xmin    50     -297.5204 kcal/mol        0.4310 kcal/(mol*A)
xmin    60     -297.5571 kcal/mol        0.2221 kcal/(mol*A)
xmin    70     -297.6543 kcal/mol        0.3780 kcal/(mol*A)
xmin    80     -297.7086 kcal/mol        0.3009 kcal/(mol*A)
xmin    90     -297.7413 kcal/mol        0.2793 kcal/(mol*A)
xmin   100     -297.7571 kcal/mol        0.0780 kcal/(mol*A)
xmin   110     -297.7795 kcal/mol        0.2428 kcal/(mol*A)
xmin   120     -297.7941 kcal/mol        0.0555 kcal/(mol*A)
xmin   130     -297.8124 kcal/mol        0.1973 kcal/(mol*A)
xmin   140     -297.8176 kcal/mol        0.0114 kcal/(mol*A)
xmin   150     -297.8184 kcal/mol        0.0363 kcal/(mol*A)
xmin   160     -297.8195 kcal/mol        0.0199 kcal/(mol*A)
xmin   170     -297.8196 kcal/mol        0.0164 kcal/(mol*A)
xmin   180     -297.8197 kcal/mol        0.0022 kcal/(mol*A)
xmin   190     -297.8197 kcal/mol        0.0045 kcal/(mol*A)
xmin   200     -297.8197 kcal/mol        0.0007 kcal/(mol*A)
  ... geometry converged !
 
 Final MO eigenvalues (eV):
 -44.9133  -44.3168  -35.1523  -32.3494  -30.1693  -29.5142  -26.7412  -26.1947
 -26.1795  -25.2993  -24.5097  -22.3537  -18.8688  -18.3978  -15.8917  -14.5556
 -13.2008  -12.8270  -11.8284  -11.7264  -11.3956  -10.8995  -10.5148  -10.1449
 -10.1044   -9.7005   -9.3420   -8.7395   -8.1135   -8.0451   -7.4830   -7.3518
  -7.1722   -7.1387   -6.7964   -6.4902   -6.0140   -5.6911   -5.6262   -4.3677
  -4.0949   -3.6777   -3.5729   -3.5538   -3.5451   -3.5296   -3.3701   -1.1179
   5.0814    5.3869    7.3145    7.7832    7.8128    8.4519    8.6371    8.8235
   8.9275    9.2520    9.2746    9.5499    9.9437   10.1556   10.1670   10.2700
  10.3620   10.8118   10.8670   11.1982   11.3359   11.5885   11.7017   12.1624
  12.5190   12.7729   13.8964   14.9959   15.0183

 Heat of formation   =       -297.81969098 kcal/mol  (      -12.91443090 eV)

 Total SCF energy    =     -93415.46924675 kcal/mol  (    -4050.79871847 eV)
 Electronic energy   =    -459962.03598808 kcal/mol  (   -19945.45058706 eV)
 Core-core repulsion =     366546.56674133 kcal/mol  (    15894.65186858 eV)
 
    Atomic Charges for Step       1 :
  Atom    Element       Mulliken Charge
     1      C                  0.106
     2      C                 -0.287
     3      C                  0.153
     4      C                 -0.264
     5      C                  0.175
     6      C                 -0.115
     7      C                  0.081
     8      C                 -0.396
     9      C                 -0.505
    10      C                  0.339
    11      O                 -0.250
    12      O                 -1.137
    13      O                 -1.136
    14      O                 -1.130
    15      O                 -0.485
    16      P                  2.399
    17      F                 -0.143
    18      F                 -0.084
    19      H                  0.134
    20      H                  0.129
    21      H                  0.135
    22      H                  0.141
    23      H                  0.139
 Total Mulliken Charge =      -2.000
 
                  X        Y        Z     TOTAL  
  QM DIPOLE  -150.036  -36.772  -69.804  169.516
 
 Final Structure

  QMMM: QM Region Cartesian Coordinates (*=link atom) 
  QMMM: QM_NO.   MM_NO.  ATOM         X         Y         Z
  QMMM:     1        1      C       15.1918   -1.0944    9.0995
  QMMM:     2        2      C       16.2576   -0.5266    8.3961
  QMMM:     3        3      C       16.2063    0.8398    8.0416
  QMMM:     4        4      C       14.0738   -0.3271    9.4390
  QMMM:     5        5      C       14.0370    1.0333    9.0742
  QMMM:     6        6      C       15.1125    1.6623    8.3881
  QMMM:     7        7      C       15.0085    3.0965    8.0913
  QMMM:     8        8      C       16.0322    3.8472    7.6159
  QMMM:     9        9      C       13.7341    3.6877    8.3732
  QMMM:    10       10      C       12.7045    3.0379    9.0203
  QMMM:    11       11      O       12.8956    1.6707    9.4369
  QMMM:    12       12      O       18.8297    4.7072    6.5556
  QMMM:    13       13      O       17.0160    6.4454    6.1194
  QMMM:    14       14      O       17.2578    4.4330    4.5662
  QMMM:    15       15      O       11.5504    3.3575    9.3846
  QMMM:    16       16      P       17.6326    5.1403    5.8056
  QMMM:    17       17      F       15.2413   -2.4085    9.4504
  QMMM:    18       18      F       17.2661    1.3116    7.3463
  QMMM:    19       19      H       15.8830    4.9271    7.4687
  QMMM:    20       20      H       17.0385    3.4516    7.4401
  QMMM:    21       21      H       17.1296   -1.1282    8.1147
  QMMM:    22       22      H       13.2262   -0.7662    9.9780
  QMMM:    23       23      H       13.5718    4.7279    8.0733

           --------- Calculation Completed ----------

