            --------------------------------------------------------
                             AMBER SQM VERSION 19
 
                                     By
              Ross C. Walker, Michael F. Crowley, Scott Brozell,
                         Tim Giese, Andreas W. Goetz,
                        Tai-Sung Lee and David A. Case
 
            --------------------------------------------------------
 

--------------------------------------------------------------------------------
  QM CALCULATION INFO
--------------------------------------------------------------------------------

| QMMM: Citation for AMBER QMMM Run:
| QMMM: R.C. Walker, M.F. Crowley and D.A. Case, J. COMP. CHEM. 29:1019, 2008

QMMM: SINGLET STATE CALCULATION
QMMM: RHF CALCULATION, NO. OF DOUBLY OCCUPIED LEVELS = 51

| QMMM: *** Selected Hamiltonian *** 
| QMMM: AM1         

| QMMM: *** Parameter sets in use ***
| QMMM: C : M.J.S.DEWAR et al. JACS, 107, 3902, (1985)
| QMMM: O : M.J.S.DEWAR et al. JACS, 107, 3902, (1985)
| QMMM: P : M.J.S.DEWAR et al. THEOCHEM, 187,1, (1989)
| QMMM: H : M.J.S.DEWAR et al. JACS, 107, 3902, (1985)

| QMMM: *** SCF convergence criteria ***
| QMMM: Energy change                :  0.1D-09 kcal/mol
| QMMM: Error matrix |FP-PF|         :  0.1D+00 au
| QMMM: Density matrix change        :  0.5D-06
| QMMM: Maximum number of SCF cycles :     1000

| QMMM: *** Diagonalization Routine Information ***
| QMMM: Pseudo diagonalizations are allowed.
| QMMM: Auto diagonalization routine selection is in use.
| QMMM:
| QMMM: Timing diagonalization routines:
| QMMM:                              norbs =       87
| QMMM:    diag iterations used for timing =       15
| QMMM:
| QMMM:              Internal diag routine = 0.023217 seconds
| QMMM:                 Dspev diag routine = 0.029342 seconds
| QMMM:                Dspevd diag routine = 0.014371 seconds
| QMMM:                Dspevx diag routine = 0.071209 seconds
| QMMM:                 Dsyev diag routine = 0.031141 seconds
| QMMM:                Dsyevd diag routine = 0.014546 seconds
| QMMM:                Dsyevr diag routine = 0.018876 seconds
| QMMM:
| QMMM:                Pseudo diag routine = 0.010398 seconds
| QMMM:
| QMMM: Using dspevd routine (diag_routine=3).

  QMMM: QM Region Cartesian Coordinates (*=link atom) 
  QMMM: QM_NO.   MM_NO.  ATOM         X         Y         Z
  QMMM:     1        1      C       15.3590   -1.0030    9.0020
  QMMM:     2        2      C       16.5550   -0.3770    8.7260
  QMMM:     3        3      C       16.5540    0.9810    8.4700
  QMMM:     4        4      C       14.2000   -0.2480    9.0150
  QMMM:     5        5      C       14.2150    1.1420    8.7510
  QMMM:     6        6      C       15.3910    1.8330    8.4650
  QMMM:     7        7      C       15.2630    3.2500    8.2160
  QMMM:     8        8      C       16.3300    4.2960    7.8630
  QMMM:     9        9      C       13.9850    3.7940    8.2820
  QMMM:    10       10      C       12.8750    3.0230    8.5740
  QMMM:    11       11      O       13.0110    1.7370    8.7990
  QMMM:    12       12      O       17.3480    3.1590    5.5400
  QMMM:    13       13      O       17.3180    5.6220    5.6220
  QMMM:    14       14      O       15.2290    4.3560    5.3220
  QMMM:    15       15      O       11.8030    3.5240    8.6220
  QMMM:    16       16      P       16.5710    4.3660    6.0100
  QMMM:    17       17      C       15.3310   -2.4900    9.2890
  QMMM:    18       18      C       17.9470    1.5500    8.2430
  QMMM:    19       19      H       16.0390    5.1930    8.1960
  QMMM:    20       20      H       17.1950    4.0510    8.3020
  QMMM:    21       21      H       17.4090   -0.8970    8.7110
  QMMM:    22       22      H       13.3290   -0.6960    9.2160
  QMMM:    23       23      H       13.8650    4.7720    8.1130
  QMMM:    24       24      H       14.2150   -2.9190    9.1850
  QMMM:    25       25      H       15.7270   -2.6840   10.4050
  QMMM:    26       26      H       16.0440   -3.0630    8.5120
  QMMM:    27       27      O       18.9670    0.5580    8.0340
  QMMM:    28       28      H       17.9560    2.2420    7.2710
  QMMM:    29       29      H       18.2640    2.1890    9.2080
  QMMM:    30       30      H       19.8680    0.9830    7.8970

--------------------------------------------------------------------------------
  RESULTS
--------------------------------------------------------------------------------

      iter         sqm energy              rms gradient
      ----    -------------------    -----------------------
xmin    10     -263.2077 kcal/mol        3.3176 kcal/(mol*A)
xmin    20     -264.5895 kcal/mol        0.8488 kcal/(mol*A)
xmin    30     -265.3542 kcal/mol        0.2386 kcal/(mol*A)
xmin    40     -265.3973 kcal/mol        0.1691 kcal/(mol*A)
xmin    50     -265.4061 kcal/mol        0.2009 kcal/(mol*A)
xmin    60     -265.4347 kcal/mol        0.2420 kcal/(mol*A)
xmin    70     -265.5702 kcal/mol        0.4171 kcal/(mol*A)
xmin    80     -265.9444 kcal/mol        0.3229 kcal/(mol*A)
xmin    90     -266.4010 kcal/mol        0.8548 kcal/(mol*A)
xmin   100     -266.5005 kcal/mol        0.1650 kcal/(mol*A)
xmin   110     -266.5350 kcal/mol        0.0586 kcal/(mol*A)
xmin   120     -266.5405 kcal/mol        0.0598 kcal/(mol*A)
xmin   130     -266.5470 kcal/mol        0.0363 kcal/(mol*A)
xmin   140     -266.5496 kcal/mol        0.0794 kcal/(mol*A)
xmin   150     -266.5509 kcal/mol        0.0306 kcal/(mol*A)
xmin   160     -266.5526 kcal/mol        0.0494 kcal/(mol*A)
xmin   170     -266.5536 kcal/mol        0.0166 kcal/(mol*A)
xmin   180     -266.5558 kcal/mol        0.0320 kcal/(mol*A)
xmin   190     -266.5562 kcal/mol        0.0037 kcal/(mol*A)
xmin   200     -266.5566 kcal/mol        0.0129 kcal/(mol*A)
xmin   210     -266.5568 kcal/mol        0.0082 kcal/(mol*A)
xmin   220     -266.5570 kcal/mol        0.0017 kcal/(mol*A)
xmin   230     -266.5570 kcal/mol        0.0030 kcal/(mol*A)
xmin   240     -266.5571 kcal/mol        0.0013 kcal/(mol*A)
xmin   250     -266.5571 kcal/mol        0.0023 kcal/(mol*A)
xmin   260     -266.5571 kcal/mol        0.0059 kcal/(mol*A)
xmin   270     -266.5571 kcal/mol        0.0071 kcal/(mol*A)
xmin   280     -266.5571 kcal/mol        0.0024 kcal/(mol*A)
xmin   290     -266.5571 kcal/mol        0.0047 kcal/(mol*A)
  ... geometry converged !
 
 Final MO eigenvalues (eV):
 -35.2825  -33.2906  -32.1088  -30.1291  -29.8261  -27.0823  -26.7239  -26.2492
 -26.1796  -25.3108  -22.6303  -22.0610  -20.9242  -17.7902  -16.4937  -15.4225
 -13.4807  -12.6634  -11.8946  -11.6195  -10.3487  -10.1515  -10.0872   -9.8869
  -9.7205   -9.5971   -9.3361   -8.9254   -8.3437   -7.8903   -7.7413   -7.5781
  -7.2868   -7.1962   -7.0404   -6.8015   -6.5509   -6.1097   -6.0302   -5.8277
  -5.3603   -5.1583   -4.1149   -3.7496   -3.7094   -3.6068   -3.5932   -3.5725
  -3.5552   -3.0295   -0.9767    5.5282    5.9572    7.5656    8.1009    8.3671
   8.6276    8.7934    8.8472    9.0486    9.1793    9.2890    9.3562    9.5492
   9.7509    9.8211   10.0875   10.1841   10.2141   10.5048   10.5820   10.7213
  10.7617   10.9954   11.0441   11.1656   11.1963   11.4284   11.6845   11.7213
  11.9635   12.3232   12.6724   13.0144   14.0981   14.9653   15.0215

 Heat of formation   =       -266.55708817 kcal/mol  (      -11.55878271 eV)

 Total SCF energy    =     -86254.88647468 kcal/mol  (    -3740.29254910 eV)
 Electronic energy   =    -497937.67691789 kcal/mol  (   -21592.19794969 eV)
 Core-core repulsion =     411682.79044320 kcal/mol  (    17851.90540060 eV)
 
    Atomic Charges for Step       1 :
  Atom    Element       Mulliken Charge
     1      C                 -0.082
     2      C                 -0.189
     3      C                 -0.066
     4      C                 -0.205
     5      C                  0.123
     6      C                 -0.068
     7      C                  0.100
     8      C                 -0.423
     9      C                 -0.516
    10      C                  0.343
    11      O                 -0.256
    12      O                 -1.138
    13      O                 -1.143
    14      O                 -1.136
    15      O                 -0.492
    16      P                  2.409
    17      C                 -0.156
    18      C                 -0.011
    19      H                  0.114
    20      H                  0.119
    21      H                  0.123
    22      H                  0.121
    23      H                  0.137
    24      H                  0.058
    25      H                  0.060
    26      H                  0.059
    27      O                 -0.350
    28      H                  0.161
    29      H                  0.118
    30      H                  0.184
 Total Mulliken Charge =      -2.000
 
                  X        Y        Z     TOTAL  
  QM DIPOLE  -150.363  -37.296  -70.739  170.305
 
 Final Structure

  QMMM: QM Region Cartesian Coordinates (*=link atom) 
  QMMM: QM_NO.   MM_NO.  ATOM         X         Y         Z
  QMMM:     1        1      C       15.4825   -0.9826    9.4207
  QMMM:     2        2      C       16.5553   -0.3512    8.7951
  QMMM:     3        3      C       16.4398    0.9423    8.2640
  QMMM:     4        4      C       14.2525   -0.3303    9.4785
  QMMM:     5        5      C       14.1258    0.9640    8.9443
  QMMM:     6        6      C       15.2370    1.6579    8.3888
  QMMM:     7        7      C       15.0167    3.0548    7.9843
  QMMM:     8        8      C       16.0006    3.9837    7.8847
  QMMM:     9        9      C       13.6480    3.4128    7.7735
  QMMM:    10       10      C       12.5868    2.6696    8.2592
  QMMM:    11       11      O       12.8596    1.4732    8.9989
  QMMM:    12       12      O       18.0340    4.1245    5.6461
  QMMM:    13       13      O       18.4727    5.7386    7.5675
  QMMM:    14       14      O       16.8009    6.3699    5.7539
  QMMM:    15       15      O       11.3422    2.8122    8.2392
  QMMM:    16       16      P       17.6913    5.3667    6.3696
  QMMM:    17       17      C       15.6426   -2.3316   10.0117
  QMMM:    18       18      C       17.6381    1.4907    7.5487
  QMMM:    19       19      H       15.7292    5.0260    7.6644
  QMMM:    20       20      H       17.0483    3.7903    8.1331
  QMMM:    21       21      H       17.5206   -0.8727    8.7073
  QMMM:    22       22      H       13.3730   -0.8119    9.9243
  QMMM:    23       23      H       13.4261    4.3486    7.2526
  QMMM:    24       24      H       14.6810   -2.9006    9.9793
  QMMM:    25       25      H       15.9604   -2.2466   11.0815
  QMMM:    26       26      H       16.4201   -2.9192    9.4643
  QMMM:    27       27      O       18.4920    0.4507    7.0807
  QMMM:    28       28      H       17.3348    2.1516    6.6871
  QMMM:    29       29      H       18.2838    2.0774    8.2590
  QMMM:    30       30      H       18.0671    0.0851    6.2984

           --------- Calculation Completed ----------

