            --------------------------------------------------------
                             AMBER SQM VERSION 19
 
                                     By
              Ross C. Walker, Michael F. Crowley, Scott Brozell,
                         Tim Giese, Andreas W. Goetz,
                        Tai-Sung Lee and David A. Case
 
            --------------------------------------------------------
 

--------------------------------------------------------------------------------
  QM CALCULATION INFO
--------------------------------------------------------------------------------

| QMMM: Citation for AMBER QMMM Run:
| QMMM: R.C. Walker, M.F. Crowley and D.A. Case, J. COMP. CHEM. 29:1019, 2008

QMMM: SINGLET STATE CALCULATION
QMMM: RHF CALCULATION, NO. OF DOUBLY OCCUPIED LEVELS = 45

| QMMM: *** Selected Hamiltonian *** 
| QMMM: AM1         

| QMMM: *** Parameter sets in use ***
| QMMM: C : M.J.S.DEWAR et al. JACS, 107, 3902, (1985)
| QMMM: N : M.J.S.DEWAR et al. JACS, 107, 3902, (1985)
| QMMM: O : M.J.S.DEWAR et al. JACS, 107, 3902, (1985)
| QMMM: P : M.J.S.DEWAR et al. THEOCHEM, 187,1, (1989)
| QMMM: H : M.J.S.DEWAR et al. JACS, 107, 3902, (1985)

| QMMM: *** SCF convergence criteria ***
| QMMM: Energy change                :  0.1D-09 kcal/mol
| QMMM: Error matrix |FP-PF|         :  0.1D+00 au
| QMMM: Density matrix change        :  0.5D-06
| QMMM: Maximum number of SCF cycles :     1000

| QMMM: *** Diagonalization Routine Information ***
| QMMM: Pseudo diagonalizations are allowed.
| QMMM: Auto diagonalization routine selection is in use.
| QMMM:
| QMMM: Timing diagonalization routines:
| QMMM:                              norbs =       78
| QMMM:    diag iterations used for timing =       15
| QMMM:
| QMMM:              Internal diag routine = 0.017014 seconds
| QMMM:                 Dspev diag routine = 0.021975 seconds
| QMMM:                Dspevd diag routine = 0.011293 seconds
| QMMM:                Dspevx diag routine = 0.054453 seconds
| QMMM:                 Dsyev diag routine = 0.021033 seconds
| QMMM:                Dsyevd diag routine = 0.009515 seconds
| QMMM:                Dsyevr diag routine = 0.013523 seconds
| QMMM:
| QMMM:                Pseudo diag routine = 0.007419 seconds
| QMMM:
| QMMM: Using dsyevd routine (diag_routine=6).

  QMMM: QM Region Cartesian Coordinates (*=link atom) 
  QMMM: QM_NO.   MM_NO.  ATOM         X         Y         Z
  QMMM:     1        1      C       15.3590   -1.0030    9.0020
  QMMM:     2        2      C       16.5550   -0.3770    8.7260
  QMMM:     3        3      C       16.5540    0.9810    8.4700
  QMMM:     4        4      C       14.2000   -0.2480    9.0150
  QMMM:     5        5      C       14.2150    1.1420    8.7510
  QMMM:     6        6      C       15.3910    1.8330    8.4650
  QMMM:     7        7      C       15.2630    3.2500    8.2160
  QMMM:     8        8      C       16.3300    4.2960    7.8630
  QMMM:     9        9      C       13.9850    3.7940    8.2820
  QMMM:    10       10      C       12.8750    3.0230    8.5740
  QMMM:    11       11      N       13.0110    1.7370    8.7990
  QMMM:    12       12      O       17.3480    3.1590    5.5400
  QMMM:    13       13      O       17.3180    5.6220    5.6220
  QMMM:    14       14      O       15.2290    4.3560    5.3220
  QMMM:    15       15      O       11.8030    3.5240    8.6220
  QMMM:    16       16      P       16.5710    4.3660    6.0100
  QMMM:    17       17      H       16.0390    5.1930    8.1960
  QMMM:    18       18      H       17.1950    4.0510    8.3020
  QMMM:    19       19      H       17.4090   -0.8970    8.7110
  QMMM:    20       20      H       13.3290   -0.6960    9.2160
  QMMM:    21       21      H       13.8650    4.7720    8.1130
  QMMM:    22       22      C       11.7730    0.9840    9.1080
  QMMM:    23       23      H       15.3300   -1.9850    9.1900
  QMMM:    24       24      H       17.4360    1.4090    8.2720
  QMMM:    25       25      H       10.8130    1.7020    9.1010
  QMMM:    26       26      H       11.8480    0.4980   10.2030
  QMMM:    27       27      H       11.5900    0.1340    8.2800

--------------------------------------------------------------------------------
  RESULTS
--------------------------------------------------------------------------------

      iter         sqm energy              rms gradient
      ----    -------------------    -----------------------
xmin    10     -155.9553 kcal/mol        0.8618 kcal/(mol*A)
xmin    20     -157.1760 kcal/mol        1.2556 kcal/(mol*A)
xmin    30     -157.7055 kcal/mol        0.6974 kcal/(mol*A)
xmin    40     -157.7724 kcal/mol        0.0745 kcal/(mol*A)
xmin    50     -157.7831 kcal/mol        0.0694 kcal/(mol*A)
xmin    60     -157.7840 kcal/mol        0.0206 kcal/(mol*A)
xmin    70     -157.7840 kcal/mol        0.0034 kcal/(mol*A)
xmin    80     -157.7840 kcal/mol        0.0006 kcal/(mol*A)
  ... geometry converged !
 
 Final MO eigenvalues (eV):
 -34.6892  -31.9932  -29.4950  -29.0618  -26.4328  -25.8909  -25.8465  -24.8644
 -24.0961  -23.0007  -19.8858  -17.8254  -17.2282  -14.7257  -12.9498  -12.3284
 -11.1879  -10.1835   -9.9222   -9.5566   -9.1640   -9.0225   -8.8856   -7.9448
  -7.6286   -7.3666   -7.2803   -7.2124   -6.9459   -6.8463   -6.4708   -6.0329
  -5.6328   -5.2445   -5.1997   -4.9915   -3.9441   -3.4459   -3.3924   -3.2877
  -3.2826   -3.2528   -3.2510   -2.4850   -0.6176    5.9785    6.2643    7.8480
   8.1310    8.5228    9.1740    9.2870    9.3630    9.4513    9.6933    9.8136
   9.8472   10.1014   10.2122   10.4843   10.4933   10.7579   10.9546   11.0804
  11.3790   11.4333   11.5650   11.6756   11.8925   11.9173   12.0930   12.2277
  12.7470   12.9291   13.1365   14.1345   15.3168   15.3519

 Heat of formation   =       -157.78405046 kcal/mol  (       -6.84202985 eV)

 Total SCF energy    =     -72956.64030837 kcal/mol  (    -3163.63732312 eV)
 Electronic energy   =    -403185.27879716 kcal/mol  (   -17483.42564491 eV)
 Core-core repulsion =     330228.63848878 kcal/mol  (    14319.78832179 eV)
 
    Atomic Charges for Step       1 :
  Atom    Element       Mulliken Charge
     1      C                 -0.122
     2      C                 -0.214
     3      C                 -0.079
     4      C                 -0.250
     5      C                  0.122
     6      C                 -0.075
     7      C                  0.115
     8      C                 -0.480
     9      C                 -0.479
    10      C                  0.343
    11      N                 -0.284
    12      O                 -1.150
    13      O                 -1.149
    14      O                 -1.138
    15      O                 -0.539
    16      P                  2.426
    17      H                  0.119
    18      H                  0.120
    19      H                  0.105
    20      H                  0.101
    21      H                  0.129
    22      C                 -0.063
    23      H                  0.085
    24      H                  0.186
    25      H                  0.110
    26      H                  0.031
    27      H                  0.031
 Total Mulliken Charge =      -2.000
 
                  X        Y        Z     TOTAL  
  QM DIPOLE  -150.062  -36.975  -67.287  168.563
 
 Final Structure

  QMMM: QM Region Cartesian Coordinates (*=link atom) 
  QMMM: QM_NO.   MM_NO.  ATOM         X         Y         Z
  QMMM:     1        1      C       15.3994   -0.9363    8.9428
  QMMM:     2        2      C       16.4438   -0.2256    8.3637
  QMMM:     3        3      C       16.2731    1.1249    8.0558
  QMMM:     4        4      C       14.1788   -0.3205    9.1904
  QMMM:     5        5      C       13.9748    1.0473    8.8702
  QMMM:     6        6      C       15.0754    1.7892    8.3280
  QMMM:     7        7      C       14.9161    3.2230    8.0461
  QMMM:     8        8      C       15.9914    4.0121    7.7767
  QMMM:     9        9      C       13.5880    3.7279    8.1091
  QMMM:    10       10      C       12.5000    3.0044    8.6097
  QMMM:    11       11      N       12.7420    1.6546    9.0716
  QMMM:    12       12      O       18.3300    3.3448    6.0310
  QMMM:    13       13      O       18.0637    5.8185    6.5904
  QMMM:    14       14      O       16.7698    4.8189    4.6403
  QMMM:    15       15      O       11.3054    3.4190    8.7315
  QMMM:    16       16      P       17.6224    4.6297    5.8299
  QMMM:    17       17      H       15.8713    5.0856    7.5905
  QMMM:    18       18      H       17.0177    3.6476    7.9013
  QMMM:    19       19      H       17.3990   -0.7184    8.1421
  QMMM:    20       20      H       13.3697   -0.9176    9.6319
  QMMM:    21       21      H       13.3941    4.7513    7.7746
  QMMM:    22       22      C       11.6667    0.8956    9.6280
  QMMM:    23       23      H       15.5291   -1.9972    9.2000
  QMMM:    24       24      H       17.1028    1.6731    7.5682
  QMMM:    25       25      H       10.7570    1.5482    9.7175
  QMMM:    26       26      H       11.9394    0.5091   10.6489
  QMMM:    27       27      H       11.4129    0.0106    8.9807

           --------- Calculation Completed ----------

